Determining if the pthread_create exist failed with the following output:
Change Dir: /home/me/lab/build/pick_delivery/CMakeFiles/CMakeTmp

Run Build Command:"/usr/bin/make" "cmTC_4ad9e/fast"
/usr/bin/make -f CMakeFiles/cmTC_4ad9e.dir/build.make CMakeFiles/cmTC_4ad9e.dir/build
make[1]: Entering directory '/home/me/lab/build/pick_delivery/CMakeFiles/CMakeTmp'
Building C object CMakeFiles/cmTC_4ad9e.dir/CheckSymbolExists.c.o
/usr/bin/cc    -o CMakeFiles/cmTC_4ad9e.dir/CheckSymbolExists.c.o   -c /home/me/lab/build/pick_delivery/CMakeFiles/CMakeTmp/CheckSymbolExists.c
Linking C executable cmTC_4ad9e
/usr/bin/cmake -E cmake_link_script CMakeFiles/cmTC_4ad9e.dir/link.txt --verbose=1
/usr/bin/cc      -rdynamic CMakeFiles/cmTC_4ad9e.dir/CheckSymbolExists.c.o  -o cmTC_4ad9e 
CMakeFiles/cmTC_4ad9e.dir/CheckSymbolExists.c.o: In function `main':
CheckSymbolExists.c:(.text+0x1b): undefined reference to `pthread_create'
collect2: error: ld returned 1 exit status
CMakeFiles/cmTC_4ad9e.dir/build.make:97: recipe for target 'cmTC_4ad9e' failed
make[1]: *** [cmTC_4ad9e] Error 1
make[1]: Leaving directory '/home/me/lab/build/pick_delivery/CMakeFiles/CMakeTmp'
Makefile:126: recipe for target 'cmTC_4ad9e/fast' failed
make: *** [cmTC_4ad9e/fast] Error 2

File /home/me/lab/build/pick_delivery/CMakeFiles/CMakeTmp/CheckSymbolExists.c:
/* */
#include <pthread.h>

int main(int argc, char** argv)
{
  (void)argv;
#ifndef pthread_create
  return ((int*)(&pthread_create))[argc];
#else
  (void)argc;
  return 0;
#endif
}

Determining if the function pthread_create exists in the pthreads failed with the following output:
Change Dir: /home/me/lab/build/pick_delivery/CMakeFiles/CMakeTmp

Run Build Command:"/usr/bin/make" "cmTC_26845/fast"
/usr/bin/make -f CMakeFiles/cmTC_26845.dir/build.make CMakeFiles/cmTC_26845.dir/build
make[1]: Entering directory '/home/me/lab/build/pick_delivery/CMakeFiles/CMakeTmp'
Building C object CMakeFiles/cmTC_26845.dir/CheckFunctionExists.c.o
/usr/bin/cc   -DCHECK_FUNCTION_EXISTS=pthread_create   -o CMakeFiles/cmTC_26845.dir/CheckFunctionExists.c.o   -c /usr/share/cmake-3.10/Modules/CheckFunctionExists.c
Linking C executable cmTC_26845
/usr/bin/cmake -E cmake_link_script CMakeFiles/cmTC_26845.dir/link.txt --verbose=1
/usr/bin/cc  -DCHECK_FUNCTION_EXISTS=pthread_create    -rdynamic CMakeFiles/cmTC_26845.dir/CheckFunctionExists.c.o  -o cmTC_26845 -lpthreads 
/usr/bin/ld: cannot find -lpthreads
collect2: error: ld returned 1 exit status
CMakeFiles/cmTC_26845.dir/build.make:97: recipe for target 'cmTC_26845' failed
make[1]: *** [cmTC_26845] Error 1
make[1]: Leaving directory '/home/me/lab/build/pick_delivery/CMakeFiles/CMakeTmp'
Makefile:126: recipe for target 'cmTC_26845/fast' failed
make: *** [cmTC_26845/fast] Error 2


