Determining if the pthread_create exist failed with the following output:
Change Dir: /home/me/lab/build/catkin_tools_prebuild/CMakeFiles/CMakeTmp

Run Build Command:"/usr/bin/make" "cmTC_ed98a/fast"
/usr/bin/make -f CMakeFiles/cmTC_ed98a.dir/build.make CMakeFiles/cmTC_ed98a.dir/build
make[1]: Entering directory '/home/me/lab/build/catkin_tools_prebuild/CMakeFiles/CMakeTmp'
Building C object CMakeFiles/cmTC_ed98a.dir/CheckSymbolExists.c.o
/usr/bin/cc    -o CMakeFiles/cmTC_ed98a.dir/CheckSymbolExists.c.o   -c /home/me/lab/build/catkin_tools_prebuild/CMakeFiles/CMakeTmp/CheckSymbolExists.c
Linking C executable cmTC_ed98a
/usr/bin/cmake -E cmake_link_script CMakeFiles/cmTC_ed98a.dir/link.txt --verbose=1
/usr/bin/cc      -rdynamic CMakeFiles/cmTC_ed98a.dir/CheckSymbolExists.c.o  -o cmTC_ed98a 
CMakeFiles/cmTC_ed98a.dir/CheckSymbolExists.c.o: In function `main':
CheckSymbolExists.c:(.text+0x1b): undefined reference to `pthread_create'
collect2: error: ld returned 1 exit status
CMakeFiles/cmTC_ed98a.dir/build.make:97: recipe for target 'cmTC_ed98a' failed
make[1]: *** [cmTC_ed98a] Error 1
make[1]: Leaving directory '/home/me/lab/build/catkin_tools_prebuild/CMakeFiles/CMakeTmp'
Makefile:126: recipe for target 'cmTC_ed98a/fast' failed
make: *** [cmTC_ed98a/fast] Error 2

File /home/me/lab/build/catkin_tools_prebuild/CMakeFiles/CMakeTmp/CheckSymbolExists.c:
/* */
#include <pthread.h>

int main(int argc, char** argv)
{
  (void)argv;
#ifndef pthread_create
  return ((int*)(&pthread_create))[argc];
#else
  (void)argc;
  return 0;
#endif
}

Determining if the function pthread_create exists in the pthreads failed with the following output:
Change Dir: /home/me/lab/build/catkin_tools_prebuild/CMakeFiles/CMakeTmp

Run Build Command:"/usr/bin/make" "cmTC_8c4bf/fast"
/usr/bin/make -f CMakeFiles/cmTC_8c4bf.dir/build.make CMakeFiles/cmTC_8c4bf.dir/build
make[1]: Entering directory '/home/me/lab/build/catkin_tools_prebuild/CMakeFiles/CMakeTmp'
Building C object CMakeFiles/cmTC_8c4bf.dir/CheckFunctionExists.c.o
/usr/bin/cc   -DCHECK_FUNCTION_EXISTS=pthread_create   -o CMakeFiles/cmTC_8c4bf.dir/CheckFunctionExists.c.o   -c /usr/share/cmake-3.10/Modules/CheckFunctionExists.c
Linking C executable cmTC_8c4bf
/usr/bin/cmake -E cmake_link_script CMakeFiles/cmTC_8c4bf.dir/link.txt --verbose=1
/usr/bin/cc  -DCHECK_FUNCTION_EXISTS=pthread_create    -rdynamic CMakeFiles/cmTC_8c4bf.dir/CheckFunctionExists.c.o  -o cmTC_8c4bf -lpthreads 
/usr/bin/ld: cannot find -lpthreads
collect2: error: ld returned 1 exit status
CMakeFiles/cmTC_8c4bf.dir/build.make:97: recipe for target 'cmTC_8c4bf' failed
make[1]: *** [cmTC_8c4bf] Error 1
make[1]: Leaving directory '/home/me/lab/build/catkin_tools_prebuild/CMakeFiles/CMakeTmp'
Makefile:126: recipe for target 'cmTC_8c4bf/fast' failed
make: *** [cmTC_8c4bf/fast] Error 2


