[  0%] Built target _pick_delivery_generate_messages_check_deps_invio
[  0%] Built target _pick_delivery_generate_messages_check_deps_login
[  0%] Built target std_msgs_generate_messages_cpp
[  0%] Built target _pick_delivery_generate_messages_check_deps_c_to_s
[  0%] Built target std_msgs_generate_messages_py
[  0%] Built target _pick_delivery_generate_messages_check_deps_s_to_c
[  0%] Built target std_msgs_generate_messages_nodejs
[  0%] Built target std_msgs_generate_messages_lisp
[  0%] Built target std_msgs_generate_messages_eus
[ 14%] Built target pick_delivery_generate_messages_cpp
[ 37%] Built target pick_delivery_generate_messages_py
[ 51%] Built target pick_delivery_generate_messages_nodejs
[ 66%] Built target pick_delivery_generate_messages_lisp
[ 85%] Built target pick_delivery_generate_messages_eus
[ 85%] Built target pick_delivery_gencpp
[ 85%] Built target pick_delivery_generate_messages
[35m[1mScanning dependencies of target server[0m
[ 92%] Built target client
[ 96%] [32mBuilding CXX object CMakeFiles/server.dir/src/server.cpp.o[0m
[01m[K/home/me/lab/src/pick_delivery/src/server.cpp:[m[K In function ‘[01m[Kvoid get_infos(std::__cxx11::string, std::__cxx11::string, std::__cxx11::string)[m[K’:
[01m[K/home/me/lab/src/pick_delivery/src/server.cpp:115:3:[m[K [01;31m[Kerror: [m[K‘[01m[Kblock_all_users[m[K’ was not declared in this scope
   [01;31m[Kblock_all_users[m[K(*auladest);
   [01;31m[K^~~~~~~~~~~~~~~[m[K
CMakeFiles/server.dir/build.make:62: recipe for target 'CMakeFiles/server.dir/src/server.cpp.o' failed
CMakeFiles/Makefile2:1185: recipe for target 'CMakeFiles/server.dir/all' failed
Makefile:140: recipe for target 'all' failed
make[2]: *** [CMakeFiles/server.dir/src/server.cpp.o] Error 1
make[1]: *** [CMakeFiles/server.dir/all] Error 2
make: *** [all] Error 2
