[  0%] Built target _pick_delivery_generate_messages_check_deps_invio
[  0%] Built target _pick_delivery_generate_messages_check_deps_login
[  0%] Built target std_msgs_generate_messages_cpp
[  0%] Built target _pick_delivery_generate_messages_check_deps_c_to_s
[  0%] Built target _pick_delivery_generate_messages_check_deps_s_to_c
[  0%] Built target _pick_delivery_generate_messages_check_deps_notifica
[  0%] Built target std_msgs_generate_messages_py
[  0%] Built target std_msgs_generate_messages_nodejs
[  0%] Built target std_msgs_generate_messages_lisp
[  0%] Built target std_msgs_generate_messages_eus
[ 15%] Built target pick_delivery_generate_messages_cpp
[ 37%] Built target pick_delivery_generate_messages_py
[ 53%] Built target pick_delivery_generate_messages_nodejs
[ 68%] Built target pick_delivery_generate_messages_lisp
[ 87%] Built target pick_delivery_generate_messages_eus
[ 87%] Built target pick_delivery_gencpp
[35m[1mScanning dependencies of target server[0m
[ 87%] Built target pick_delivery_generate_messages
[ 90%] [32mBuilding CXX object CMakeFiles/server.dir/src/server.cpp.o[0m
[35m[1mScanning dependencies of target client[0m
[ 93%] [32mBuilding CXX object CMakeFiles/client.dir/src/client.cpp.o[0m
[01m[K/home/me/lab/src/pick_delivery/src/client.cpp:26:16:[m[K [01;31m[Kerror: [m[K‘[01m[Kc_to_s[m[K’ in namespace ‘[01m[Kpick_delivery[m[K’ does not name a type
 pick_delivery::[01;31m[Kc_to_s[m[K res;
                [01;31m[K^~~~~~[m[K
[01m[K/home/me/lab/src/pick_delivery/src/client.cpp:[m[K In function ‘[01m[Kvoid handle_notifica(pick_delivery::s_to_c_<std::allocator<void> >::ConstPtr&)[m[K’:
[01m[K/home/me/lab/src/pick_delivery/src/client.cpp:52:26:[m[K [01;31m[Kerror: [m[K‘[01m[Kpick_delivery::s_to_c_<std::allocator<void> >::ConstPtr {aka class boost::shared_ptr<const pick_delivery::s_to_c_<std::allocator<void> > >}[m[K’ has no member named ‘[01m[Kuser[m[K’
  cout << "user: " << msg.[01;31m[Kuser[m[K << endl << flush;
                          [01;31m[K^~~~[m[K
[01m[K/home/me/lab/src/pick_delivery/src/client.cpp:53:26:[m[K [01;31m[Kerror: [m[K‘[01m[Kpick_delivery::s_to_c_<std::allocator<void> >::ConstPtr {aka class boost::shared_ptr<const pick_delivery::s_to_c_<std::allocator<void> > >}[m[K’ has no member named ‘[01m[Kauladest[m[K’
  cout << "aula: " << msg.[01;31m[Kauladest[m[K << endl << flush;
                          [01;31m[K^~~~~~~~[m[K
[01m[K/home/me/lab/src/pick_delivery/src/client.cpp:54:25:[m[K [01;31m[Kerror: [m[K‘[01m[Kpick_delivery::s_to_c_<std::allocator<void> >::ConstPtr {aka class boost::shared_ptr<const pick_delivery::s_to_c_<std::allocator<void> > >}[m[K’ has no member named ‘[01m[Kmsg[m[K’
  cout << "msg: " << msg.[01;31m[Kmsg[m[K << endl << flush;
                         [01;31m[K^~~[m[K
[01m[K/home/me/lab/src/pick_delivery/src/client.cpp:55:11:[m[K [01;31m[Kerror: [m[K‘[01m[Kpick_delivery::s_to_c_<std::allocator<void> >::ConstPtr {aka class boost::shared_ptr<const pick_delivery::s_to_c_<std::allocator<void> > >}[m[K’ has no member named ‘[01m[Kauladest[m[K’
  if ((msg.[01;31m[Kauladest[m[K == "") && (msg.user == name))
           [01;31m[K^~~~~~~~[m[K
[01m[K/home/me/lab/src/pick_delivery/src/client.cpp:55:35:[m[K [01;31m[Kerror: [m[K‘[01m[Kpick_delivery::s_to_c_<std::allocator<void> >::ConstPtr {aka class boost::shared_ptr<const pick_delivery::s_to_c_<std::allocator<void> > >}[m[K’ has no member named ‘[01m[Kuser[m[K’
  if ((msg.auladest == "") && (msg.[01;31m[Kuser[m[K == name))
                                   [01;31m[K^~~~[m[K
[01m[K/home/me/lab/src/pick_delivery/src/client.cpp:57:3:[m[K [01;31m[Kerror: [m[K‘[01m[Kres[m[K’ was not declared in this scope
   [01;31m[Kres[m[K.resp = 2;
   [01;31m[K^~~[m[K
[01m[K/home/me/lab/src/pick_delivery/src/client.cpp:57:3:[m[K [01;36m[Knote: [m[Ksuggested alternative: ‘[01m[Kread[m[K’
   [01;36m[Kres[m[K.resp = 2;
   [01;36m[K^~~[m[K
   [32m[Kread[m[K
[01m[K/home/me/lab/src/pick_delivery/src/client.cpp:59:15:[m[K [01;31m[Kerror: [m[K‘[01m[Kpick_delivery::s_to_c_<std::allocator<void> >::ConstPtr {aka class boost::shared_ptr<const pick_delivery::s_to_c_<std::allocator<void> > >}[m[K’ has no member named ‘[01m[Kauladest[m[K’
  else if (msg.[01;31m[Kauladest[m[K == aulaclient && (msg.user == name || msg.user == "0"))
               [01;31m[K^~~~~~~~[m[K
[01m[K/home/me/lab/src/pick_delivery/src/client.cpp:59:46:[m[K [01;31m[Kerror: [m[K‘[01m[Kpick_delivery::s_to_c_<std::allocator<void> >::ConstPtr {aka class boost::shared_ptr<const pick_delivery::s_to_c_<std::allocator<void> > >}[m[K’ has no member named ‘[01m[Kuser[m[K’
  else if (msg.auladest == aulaclient && (msg.[01;31m[Kuser[m[K == name || msg.user == "0"))
                                              [01;31m[K^~~~[m[K
[01m[K/home/me/lab/src/pick_delivery/src/client.cpp:59:66:[m[K [01;31m[Kerror: [m[K‘[01m[Kpick_delivery::s_to_c_<std::allocator<void> >::ConstPtr {aka class boost::shared_ptr<const pick_delivery::s_to_c_<std::allocator<void> > >}[m[K’ has no member named ‘[01m[Kuser[m[K’
  else if (msg.auladest == aulaclient && (msg.user == name || msg.[01;31m[Kuser[m[K == "0"))
                                                                  [01;31m[K^~~~[m[K
[01m[K/home/me/lab/src/pick_delivery/src/client.cpp:61:3:[m[K [01;31m[Kerror: [m[K‘[01m[Kres[m[K’ was not declared in this scope
   [01;31m[Kres[m[K.resp = 0;
   [01;31m[K^~~[m[K
[01m[K/home/me/lab/src/pick_delivery/src/client.cpp:61:3:[m[K [01;36m[Knote: [m[Ksuggested alternative: ‘[01m[Kread[m[K’
   [01;36m[Kres[m[K.resp = 0;
   [01;36m[K^~~[m[K
   [32m[Kread[m[K
[01m[K/home/me/lab/src/pick_delivery/src/client.cpp:[m[K In function ‘[01m[Kint main(int, char**)[m[K’:
[01m[K/home/me/lab/src/pick_delivery/src/client.cpp:90:45:[m[K [01;31m[Kerror: [m[K‘[01m[Kc_to_s[m[K’ is not a member of ‘[01m[Kpick_delivery[m[K’
  pub_server = node.advertise<pick_delivery::[01;31m[Kc_to_s[m[K>("/ctos", 1000);
                                             [01;31m[K^~~~~~[m[K
[01m[K/home/me/lab/src/pick_delivery/src/client.cpp:90:45:[m[K [01;36m[Knote: [m[Ksuggested alternative: ‘[01m[Ks_to_c[m[K’
  pub_server = node.advertise<pick_delivery::[01;36m[Kc_to_s[m[K>("/ctos", 1000);
                                             [01;36m[K^~~~~~[m[K
                                             [32m[Ks_to_c[m[K
[01m[K/home/me/lab/src/pick_delivery/src/client.cpp:90:45:[m[K [01;31m[Kerror: [m[K‘[01m[Kc_to_s[m[K’ is not a member of ‘[01m[Kpick_delivery[m[K’
[01m[K/home/me/lab/src/pick_delivery/src/client.cpp:90:45:[m[K [01;36m[Knote: [m[Ksuggested alternative: ‘[01m[Ks_to_c[m[K’
  pub_server = node.advertise<pick_delivery::[01;36m[Kc_to_s[m[K>("/ctos", 1000);
                                             [01;36m[K^~~~~~[m[K
                                             [32m[Ks_to_c[m[K
[01m[K/home/me/lab/src/pick_delivery/src/client.cpp:90:66:[m[K [01;31m[Kerror: [m[Kno matching function for call to ‘[01m[Kros::NodeHandle::advertise<<expression error> >(const char [6], int)[m[K’
  pub_server = node.advertise<pick_delivery::c_to_s>("/ctos", 1000[01;31m[K)[m[K;
                                                                  [01;31m[K^[m[K
In file included from [01m[K/opt/ros/melodic/include/ros/ros.h:45:0[m[K,
                 from [01m[K/home/me/lab/src/pick_delivery/src/client.cpp:1[m[K:
[01m[K/opt/ros/melodic/include/ros/node_handle.h:249:15:[m[K [01;36m[Knote: [m[Kcandidate: template<class M> ros::Publisher ros::NodeHandle::advertise(const string&, uint32_t, bool)
     Publisher [01;36m[Kadvertise[m[K(const std::string& topic, uint32_t queue_size, bool latch = false)
               [01;36m[K^~~~~~~~~[m[K
[01m[K/opt/ros/melodic/include/ros/node_handle.h:249:15:[m[K [01;36m[Knote: [m[K  template argument deduction/substitution failed:
[01m[K/home/me/lab/src/pick_delivery/src/client.cpp:90:66:[m[K [01;31m[Kerror: [m[Ktemplate argument 1 is invalid
  pub_server = node.advertise<pick_delivery::c_to_s>("/ctos", 1000[01;31m[K)[m[K;
                                                                  [01;31m[K^[m[K
In file included from [01m[K/opt/ros/melodic/include/ros/ros.h:45:0[m[K,
                 from [01m[K/home/me/lab/src/pick_delivery/src/client.cpp:1[m[K:
[01m[K/opt/ros/melodic/include/ros/node_handle.h:315:13:[m[K [01;36m[Knote: [m[Kcandidate: template<class M> ros::Publisher ros::NodeHandle::advertise(const string&, uint32_t, const SubscriberStatusCallback&, const SubscriberStatusCallback&, const VoidConstPtr&, bool)
   Publisher [01;36m[Kadvertise[m[K(const std::string& topic, uint32_t queue_size,
             [01;36m[K^~~~~~~~~[m[K
[01m[K/opt/ros/melodic/include/ros/node_handle.h:315:13:[m[K [01;36m[Knote: [m[K  template argument deduction/substitution failed:
[01m[K/home/me/lab/src/pick_delivery/src/client.cpp:90:66:[m[K [01;31m[Kerror: [m[Ktemplate argument 1 is invalid
  pub_server = node.advertise<pick_delivery::c_to_s>("/ctos", 1000[01;31m[K)[m[K;
                                                                  [01;31m[K^[m[K
[01m[K/home/me/lab/src/pick_delivery/src/server.cpp:[m[K In function ‘[01m[Kvoid callback_Server(const ConstPtr&)[m[K’:
[01m[K/home/me/lab/src/pick_delivery/src/server.cpp:135:19:[m[K [01;31m[Kerror: [m[K‘[01m[Kconst ConstPtr {aka const class boost::shared_ptr<const pick_delivery::c_to_s_<std::allocator<void> > >}[m[K’ has no member named ‘[01m[Kresp[m[K’; did you mean ‘[01m[Kreset[m[K’?
  rob.status = msg.[01;31m[Kresp[m[K;
                   [01;31m[K^~~~[m[K
                   [32m[Kreset[m[K
In file included from [01m[K/opt/ros/melodic/include/ros/serialization.h:37:0[m[K,
                 from [01m[K/opt/ros/melodic/include/ros/publisher.h:34[m[K,
                 from [01m[K/opt/ros/melodic/include/ros/node_handle.h:32[m[K,
                 from [01m[K/opt/ros/melodic/include/ros/ros.h:45[m[K,
                 from [01m[K/home/me/lab/src/pick_delivery/src/client.cpp:1[m[K:
/opt/ros/melodic/include/ros/message_traits.h: In instantiation of ‘[01m[Kstatic const char* ros::message_traits::MD5Sum<M>::value() [with M = boost::shared_ptr<const pick_delivery::s_to_c_<std::allocator<void> > >][m[K’:
[01m[K/opt/ros/melodic/include/ros/message_traits.h:227:102:[m[K   required from ‘[01m[Kconst char* ros::message_traits::md5sum() [with M = boost::shared_ptr<const pick_delivery::s_to_c_<std::allocator<void> > >][m[K’
[01m[K/opt/ros/melodic/include/ros/subscribe_options.h:89:49:[m[K   required from ‘[01m[Kvoid ros::SubscribeOptions::initByFullCallbackType(const string&, uint32_t, const boost::function<void(P)>&, const boost::function<boost::shared_ptr<typename ros::ParameterAdapter<P>::Message>()>&) [with P = boost::shared_ptr<const pick_delivery::s_to_c_<std::allocator<void> > >&; std::__cxx11::string = std::__cxx11::basic_string<char>; uint32_t = unsigned int; typename ros::ParameterAdapter<P>::Message = boost::shared_ptr<const pick_delivery::s_to_c_<std::allocator<void> > >][m[K’
[01m[K/opt/ros/melodic/include/ros/node_handle.h:659:5:[m[K   required from ‘[01m[Kros::Subscriber ros::NodeHandle::subscribe(const string&, uint32_t, void (*)(M), const ros::TransportHints&) [with M = boost::shared_ptr<const pick_delivery::s_to_c_<std::allocator<void> > >&; std::__cxx11::string = std::__cxx11::basic_string<char>; uint32_t = unsigned int][m[K’
[01m[K/home/me/lab/src/pick_delivery/src/client.cpp:91:60:[m[K   required from here
[01m[K/opt/ros/melodic/include/ros/message_traits.h:120:28:[m[K [01;31m[Kerror: [m[K‘[01m[K__s_getMD5Sum[m[K’ is not a member of ‘[01m[Kboost::shared_ptr<const pick_delivery::s_to_c_<std::allocator<void> > >[m[K’
     return [01;31m[KM::__s_getMD5Sum()[m[K.c_str();
            [01;31m[K~~~~~~~~~~~~~~~~^~[m[K
/opt/ros/melodic/include/ros/message_traits.h: In instantiation of ‘[01m[Kstatic const char* ros::message_traits::DataType<M>::value() [with M = boost::shared_ptr<const pick_delivery::s_to_c_<std::allocator<void> > >][m[K’:
[01m[K/opt/ros/melodic/include/ros/message_traits.h:236:104:[m[K   required from ‘[01m[Kconst char* ros::message_traits::datatype() [with M = boost::shared_ptr<const pick_delivery::s_to_c_<std::allocator<void> > >][m[K’
[01m[K/opt/ros/melodic/include/ros/subscribe_options.h:90:53:[m[K   required from ‘[01m[Kvoid ros::SubscribeOptions::initByFullCallbackType(const string&, uint32_t, const boost::function<void(P)>&, const boost::function<boost::shared_ptr<typename ros::ParameterAdapter<P>::Message>()>&) [with P = boost::shared_ptr<const pick_delivery::s_to_c_<std::allocator<void> > >&; std::__cxx11::string = std::__cxx11::basic_string<char>; uint32_t = unsigned int; typename ros::ParameterAdapter<P>::Message = boost::shared_ptr<const pick_delivery::s_to_c_<std::allocator<void> > >][m[K’
[01m[K/opt/ros/melodic/include/ros/node_handle.h:659:5:[m[K   required from ‘[01m[Kros::Subscriber ros::NodeHandle::subscribe(const string&, uint32_t, void (*)(M), const ros::TransportHints&) [with M = boost::shared_ptr<const pick_delivery::s_to_c_<std::allocator<void> > >&; std::__cxx11::string = std::__cxx11::basic_string<char>; uint32_t = unsigned int][m[K’
[01m[K/home/me/lab/src/pick_delivery/src/client.cpp:91:60:[m[K   required from here
[01m[K/opt/ros/melodic/include/ros/message_traits.h:137:30:[m[K [01;31m[Kerror: [m[K‘[01m[K__s_getDataType[m[K’ is not a member of ‘[01m[Kboost::shared_ptr<const pick_delivery::s_to_c_<std::allocator<void> > >[m[K’
     return [01;31m[KM::__s_getDataType()[m[K.c_str();
            [01;31m[K~~~~~~~~~~~~~~~~~~^~[m[K
In file included from [01m[K/opt/ros/melodic/include/ros/subscription_callback_helper.h:35:0[m[K,
                 from [01m[K/opt/ros/melodic/include/ros/subscriber.h:33[m[K,
                 from [01m[K/opt/ros/melodic/include/ros/node_handle.h:33[m[K,
                 from [01m[K/opt/ros/melodic/include/ros/ros.h:45[m[K,
                 from [01m[K/home/me/lab/src/pick_delivery/src/client.cpp:1[m[K:
/opt/ros/melodic/include/ros/parameter_adapter.h: In instantiation of ‘[01m[Kstatic ros::ParameterAdapter<M>::Parameter ros::ParameterAdapter<M>::getParameter(const Event&) [with M = boost::shared_ptr<const pick_delivery::s_to_c_<std::allocator<void> > >&; ros::ParameterAdapter<M>::Parameter = boost::shared_ptr<const pick_delivery::s_to_c_<std::allocator<void> > >&; ros::ParameterAdapter<M>::Event = ros::MessageEvent<const boost::shared_ptr<const pick_delivery::s_to_c_<std::allocator<void> > > >; typename boost::remove_reference<typename boost::remove_const<M>::type>::type = boost::shared_ptr<const pick_delivery::s_to_c_<std::allocator<void> > >][m[K’:
[01m[K/opt/ros/melodic/include/ros/subscription_callback_helper.h:144:48:[m[K   required from ‘[01m[Kvoid ros::SubscriptionCallbackHelperT<P, Enabled>::call(ros::SubscriptionCallbackHelperCallParams&) [with P = boost::shared_ptr<const pick_delivery::s_to_c_<std::allocator<void> > >&; Enabled = void][m[K’
[01m[K/home/me/lab/src/pick_delivery/src/client.cpp:242:1:[m[K   required from here
[01m[K/opt/ros/melodic/include/ros/parameter_adapter.h:78:30:[m[K [01;31m[Kerror: [m[Kbinding reference of type ‘[01m[Kros::ParameterAdapter<boost::shared_ptr<const pick_delivery::s_to_c_<std::allocator<void> > >&>::Parameter {aka boost::shared_ptr<const pick_delivery::s_to_c_<std::allocator<void> > >&}[m[K’ to ‘[01m[Kconst boost::shared_ptr<const pick_delivery::s_to_c_<std::allocator<void> > >[m[K’ discards qualifiers
     return *event.getMessage([01;31m[K)[m[K;
                              [01;31m[K^[m[K
In file included from [01m[K/opt/ros/melodic/include/ros/publisher.h:34:0[m[K,
                 from [01m[K/opt/ros/melodic/include/ros/node_handle.h:32[m[K,
                 from [01m[K/opt/ros/melodic/include/ros/ros.h:45[m[K,
                 from [01m[K/home/me/lab/src/pick_delivery/src/client.cpp:1[m[K:
/opt/ros/melodic/include/ros/serialization.h: In instantiation of ‘[01m[Kstatic void ros::serialization::Serializer<T>::read(Stream&, typename boost::call_traits<T>::reference) [with Stream = ros::serialization::IStream; T = boost::shared_ptr<const pick_delivery::s_to_c_<std::allocator<void> > >; typename boost::call_traits<T>::reference = boost::shared_ptr<const pick_delivery::s_to_c_<std::allocator<void> > >&][m[K’:
[01m[K/opt/ros/melodic/include/ros/serialization.h:163:22:[m[K   required from ‘[01m[Kvoid ros::serialization::deserialize(Stream&, T&) [with T = boost::shared_ptr<const pick_delivery::s_to_c_<std::allocator<void> > >; Stream = ros::serialization::IStream][m[K’
[01m[K/opt/ros/melodic/include/ros/subscription_callback_helper.h:136:21:[m[K   required from ‘[01m[Kros::VoidConstPtr ros::SubscriptionCallbackHelperT<P, Enabled>::deserialize(const ros::SubscriptionCallbackHelperDeserializeParams&) [with P = boost::shared_ptr<const pick_delivery::s_to_c_<std::allocator<void> > >&; Enabled = void; ros::VoidConstPtr = boost::shared_ptr<const void>][m[K’
[01m[K/home/me/lab/src/pick_delivery/src/client.cpp:242:1:[m[K   required from here
[01m[K/opt/ros/melodic/include/ros/serialization.h:136:7:[m[K [01;31m[Kerror: [m[K‘[01m[Kclass boost::shared_ptr<const pick_delivery::s_to_c_<std::allocator<void> > >[m[K’ has no member named ‘[01m[Kdeserialize[m[K’
     [01;31m[Kt.deserialize[m[K(stream.getData());
     [01;31m[K~~^~~~~~~~~~~[m[K
CMakeFiles/client.dir/build.make:62: recipe for target 'CMakeFiles/client.dir/src/client.cpp.o' failed
CMakeFiles/Makefile2:626: recipe for target 'CMakeFiles/client.dir/all' failed
make[2]: *** [CMakeFiles/client.dir/src/client.cpp.o] Error 1
make[1]: *** [CMakeFiles/client.dir/all] Error 2
make[1]: *** Waiting for unfinished jobs....
CMakeFiles/server.dir/build.make:62: recipe for target 'CMakeFiles/server.dir/src/server.cpp.o' failed
make[2]: *** [CMakeFiles/server.dir/src/server.cpp.o] Error 1
CMakeFiles/Makefile2:67: recipe for target 'CMakeFiles/server.dir/all' failed
make[1]: *** [CMakeFiles/server.dir/all] Error 2
Makefile:140: recipe for target 'all' failed
make: *** [all] Error 2
