[  0%] Built target _pick_delivery_generate_messages_check_deps_invio
[  0%] Built target _pick_delivery_generate_messages_check_deps_login
[  0%] Built target std_msgs_generate_messages_cpp
[  0%] Built target _pick_delivery_generate_messages_check_deps_c_to_s
[  0%] Built target std_msgs_generate_messages_py
[  0%] Built target _pick_delivery_generate_messages_check_deps_s_to_c
[  0%] Built target std_msgs_generate_messages_nodejs
[  0%] Built target std_msgs_generate_messages_eus
[  0%] Built target std_msgs_generate_messages_lisp
[ 14%] Built target pick_delivery_generate_messages_cpp
[ 37%] Built target pick_delivery_generate_messages_py
[ 51%] Built target pick_delivery_generate_messages_nodejs
[ 66%] Built target pick_delivery_generate_messages_lisp
[ 66%] Built target pick_delivery_gencpp
[ 85%] Built target pick_delivery_generate_messages_eus
[ 92%] Built target client
[35m[1mScanning dependencies of target server[0m
[ 96%] [32mBuilding CXX object CMakeFiles/server.dir/src/server.cpp.o[0m
[ 96%] Built target pick_delivery_generate_messages
[100%] [32m[1mLinking CXX executable /home/me/progetto_labiagi/devel/.private/pick_delivery/lib/pick_delivery/server[0m
[100%] Built target server
