[01m[K/home/me/progetto_labiagi/src/pick_delivery/src/client.cpp:17:10:[m[K [01;31m[Kerror: [m[Ktype/value mismatch at argument 1 in template parameter list for ‘[01m[Ktemplate<class _Tp, class _Alloc> class std::__cxx11::list[m[K’
 list<aula[01;31m[K>[m[K    aulelist;
          [01;31m[K^[m[K
[01m[K/home/me/progetto_labiagi/src/pick_delivery/src/client.cpp:17:10:[m[K [01;36m[Knote: [m[K  expected a type, got ‘[01m[Kaula[m[K’
[01m[K/home/me/progetto_labiagi/src/pick_delivery/src/client.cpp:17:10:[m[K [01;31m[Kerror: [m[Ktemplate argument 2 is invalid
[01m[K/home/me/progetto_labiagi/src/pick_delivery/src/client.cpp:23:27:[m[K [01;31m[Kerror: [m[Ktype/value mismatch at argument 1 in template parameter list for ‘[01m[Ktemplate<class _Tp, class _Alloc> class std::__cxx11::list[m[K’
 void mostra_aule(list<aula[01;31m[K>[m[K aulelist)
                           [01;31m[K^[m[K
[01m[K/home/me/progetto_labiagi/src/pick_delivery/src/client.cpp:23:27:[m[K [01;36m[Knote: [m[K  expected a type, got ‘[01m[Kaula[m[K’
[01m[K/home/me/progetto_labiagi/src/pick_delivery/src/client.cpp:23:27:[m[K [01;31m[Kerror: [m[Ktemplate argument 2 is invalid
[01m[K/home/me/progetto_labiagi/src/pick_delivery/src/client.cpp:[m[K In function ‘[01m[Kvoid mostra_aule(int)[m[K’:
[01m[K/home/me/progetto_labiagi/src/pick_delivery/src/client.cpp:25:17:[m[K [01;31m[Kerror: [m[K‘[01m[Kbegin[m[K’ was not declared in this scope
  for (auto& a : [01;31m[Kaulelist[m[K)
                 [01;31m[K^~~~~~~~[m[K
[01m[K/home/me/progetto_labiagi/src/pick_delivery/src/client.cpp:25:17:[m[K [01;36m[Knote: [m[Ksuggested alternatives:
In file included from [01m[K/usr/include/c++/7/string:51:0[m[K,
                 from [01m[K/opt/ros/melodic/include/ros/platform.h:38[m[K,
                 from [01m[K/opt/ros/melodic/include/ros/time.h:53[m[K,
                 from [01m[K/opt/ros/melodic/include/ros/ros.h:38[m[K,
                 from [01m[K/home/me/progetto_labiagi/src/pick_delivery/src/client.cpp:1[m[K:
[01m[K/usr/include/c++/7/bits/range_access.h:105:37:[m[K [01;36m[Knote: [m[K  ‘[01m[Kstd::begin[m[K’
   template<typename _Tp> const _Tp* [01;36m[Kbegin[m[K(const valarray<_Tp>&);
                                     [01;36m[K^~~~~[m[K
[01m[K/usr/include/c++/7/bits/range_access.h:105:37:[m[K [01;36m[Knote: [m[K  ‘[01m[Kstd::begin[m[K’
In file included from [01m[K/usr/include/boost/range/functions.hpp:18:0[m[K,
                 from [01m[K/usr/include/boost/range/iterator_range_core.hpp:38[m[K,
                 from [01m[K/usr/include/boost/lexical_cast.hpp:30[m[K,
                 from [01m[K/opt/ros/melodic/include/ros/transport_hints.h:34[m[K,
                 from [01m[K/opt/ros/melodic/include/ros/subscribe_options.h:33[m[K,
                 from [01m[K/opt/ros/melodic/include/ros/node_handle.h:42[m[K,
                 from [01m[K/opt/ros/melodic/include/ros/ros.h:45[m[K,
                 from [01m[K/home/me/progetto_labiagi/src/pick_delivery/src/client.cpp:1[m[K:
[01m[K/usr/include/boost/range/begin.hpp:106:61:[m[K [01;36m[Knote: [m[K  ‘[01m[Kboost::range_adl_barrier::begin[m[K’
 inline BOOST_DEDUCED_TYPENAME range_iterator<const T>::type [01;36m[Kbegin[m[K( const T& r )
                                                             [01;36m[K^~~~~[m[K
In file included from [01m[K/usr/include/boost/mpl/list/aux_/begin_end.hpp:17:0[m[K,
                 from [01m[K/usr/include/boost/mpl/list/list0.hpp:27[m[K,
                 from [01m[K/usr/include/boost/mpl/list/list10.hpp:18[m[K,
                 from [01m[K/usr/include/boost/mpl/list/list20.hpp:18[m[K,
                 from [01m[K/usr/include/boost/mpl/list.hpp:36[m[K,
                 from [01m[K/usr/include/boost/math/policies/policy.hpp:9[m[K,
                 from [01m[K/usr/include/boost/math/policies/error_handling.hpp:21[m[K,
                 from [01m[K/usr/include/boost/math/special_functions/round.hpp:14[m[K,
                 from [01m[K/opt/ros/melodic/include/ros/time.h:58[m[K,
                 from [01m[K/opt/ros/melodic/include/ros/ros.h:38[m[K,
                 from [01m[K/home/me/progetto_labiagi/src/pick_delivery/src/client.cpp:1[m[K:
[01m[K/usr/include/boost/mpl/begin_end_fwd.hpp:22:38:[m[K [01;36m[Knote: [m[K  ‘[01m[Kboost::mpl::begin[m[K’
 template< typename Sequence > struct [01;36m[Kbegin[m[K;
                                      [01;36m[K^~~~~[m[K
In file included from [01m[K/usr/include/boost/range/functions.hpp:18:0[m[K,
                 from [01m[K/usr/include/boost/range/iterator_range_core.hpp:38[m[K,
                 from [01m[K/usr/include/boost/lexical_cast.hpp:30[m[K,
                 from [01m[K/opt/ros/melodic/include/ros/transport_hints.h:34[m[K,
                 from [01m[K/opt/ros/melodic/include/ros/subscribe_options.h:33[m[K,
                 from [01m[K/opt/ros/melodic/include/ros/node_handle.h:42[m[K,
                 from [01m[K/opt/ros/melodic/include/ros/ros.h:45[m[K,
                 from [01m[K/home/me/progetto_labiagi/src/pick_delivery/src/client.cpp:1[m[K:
[01m[K/usr/include/boost/range/begin.hpp:106:61:[m[K [01;36m[Knote: [m[K  ‘[01m[Kboost::range_adl_barrier::begin[m[K’
 inline BOOST_DEDUCED_TYPENAME range_iterator<const T>::type [01;36m[Kbegin[m[K( const T& r )
                                                             [01;36m[K^~~~~[m[K
[01m[K/home/me/progetto_labiagi/src/pick_delivery/src/client.cpp:25:17:[m[K [01;31m[Kerror: [m[K‘[01m[Kend[m[K’ was not declared in this scope
  for (auto& a : [01;31m[Kaulelist[m[K)
                 [01;31m[K^~~~~~~~[m[K
[01m[K/home/me/progetto_labiagi/src/pick_delivery/src/client.cpp:25:17:[m[K [01;36m[Knote: [m[Ksuggested alternatives:
In file included from [01m[K/usr/include/c++/7/string:51:0[m[K,
                 from [01m[K/opt/ros/melodic/include/ros/platform.h:38[m[K,
                 from [01m[K/opt/ros/melodic/include/ros/time.h:53[m[K,
                 from [01m[K/opt/ros/melodic/include/ros/ros.h:38[m[K,
                 from [01m[K/home/me/progetto_labiagi/src/pick_delivery/src/client.cpp:1[m[K:
[01m[K/usr/include/c++/7/bits/range_access.h:107:37:[m[K [01;36m[Knote: [m[K  ‘[01m[Kstd::end[m[K’
   template<typename _Tp> const _Tp* [01;36m[Kend[m[K(const valarray<_Tp>&);
                                     [01;36m[K^~~[m[K
[01m[K/usr/include/c++/7/bits/range_access.h:107:37:[m[K [01;36m[Knote: [m[K  ‘[01m[Kstd::end[m[K’
In file included from [01m[K/usr/include/boost/range/functions.hpp:19:0[m[K,
                 from [01m[K/usr/include/boost/range/iterator_range_core.hpp:38[m[K,
                 from [01m[K/usr/include/boost/lexical_cast.hpp:30[m[K,
                 from [01m[K/opt/ros/melodic/include/ros/transport_hints.h:34[m[K,
                 from [01m[K/opt/ros/melodic/include/ros/subscribe_options.h:33[m[K,
                 from [01m[K/opt/ros/melodic/include/ros/node_handle.h:42[m[K,
                 from [01m[K/opt/ros/melodic/include/ros/ros.h:45[m[K,
                 from [01m[K/home/me/progetto_labiagi/src/pick_delivery/src/client.cpp:1[m[K:
[01m[K/usr/include/boost/range/end.hpp:100:61:[m[K [01;36m[Knote: [m[K  ‘[01m[Kboost::range_adl_barrier::end[m[K’
 inline BOOST_DEDUCED_TYPENAME range_iterator<const T>::type [01;36m[Kend[m[K( const T& r )
                                                             [01;36m[K^~~[m[K
In file included from [01m[K/usr/include/boost/mpl/list/aux_/begin_end.hpp:17:0[m[K,
                 from [01m[K/usr/include/boost/mpl/list/list0.hpp:27[m[K,
                 from [01m[K/usr/include/boost/mpl/list/list10.hpp:18[m[K,
                 from [01m[K/usr/include/boost/mpl/list/list20.hpp:18[m[K,
                 from [01m[K/usr/include/boost/mpl/list.hpp:36[m[K,
                 from [01m[K/usr/include/boost/math/policies/policy.hpp:9[m[K,
                 from [01m[K/usr/include/boost/math/policies/error_handling.hpp:21[m[K,
                 from [01m[K/usr/include/boost/math/special_functions/round.hpp:14[m[K,
                 from [01m[K/opt/ros/melodic/include/ros/time.h:58[m[K,
                 from [01m[K/opt/ros/melodic/include/ros/ros.h:38[m[K,
                 from [01m[K/home/me/progetto_labiagi/src/pick_delivery/src/client.cpp:1[m[K:
[01m[K/usr/include/boost/mpl/begin_end_fwd.hpp:23:38:[m[K [01;36m[Knote: [m[K  ‘[01m[Kboost::mpl::end[m[K’
 template< typename Sequence > struct [01;36m[Kend[m[K;
                                      [01;36m[K^~~[m[K
In file included from [01m[K/usr/include/boost/range/functions.hpp:19:0[m[K,
                 from [01m[K/usr/include/boost/range/iterator_range_core.hpp:38[m[K,
                 from [01m[K/usr/include/boost/lexical_cast.hpp:30[m[K,
                 from [01m[K/opt/ros/melodic/include/ros/transport_hints.h:34[m[K,
                 from [01m[K/opt/ros/melodic/include/ros/subscribe_options.h:33[m[K,
                 from [01m[K/opt/ros/melodic/include/ros/node_handle.h:42[m[K,
                 from [01m[K/opt/ros/melodic/include/ros/ros.h:45[m[K,
                 from [01m[K/home/me/progetto_labiagi/src/pick_delivery/src/client.cpp:1[m[K:
[01m[K/usr/include/boost/range/end.hpp:100:61:[m[K [01;36m[Knote: [m[K  ‘[01m[Kboost::range_adl_barrier::end[m[K’
 inline BOOST_DEDUCED_TYPENAME range_iterator<const T>::type [01;36m[Kend[m[K( const T& r )
                                                             [01;36m[K^~~[m[K
[01m[K/home/me/progetto_labiagi/src/pick_delivery/src/client.cpp:[m[K In function ‘[01m[Kint main(int, char**)[m[K’:
[01m[K/home/me/progetto_labiagi/src/pick_delivery/src/client.cpp:54:8:[m[K [01;31m[Kerror: [m[Kexpected ‘[01m[K;[m[K’ before ‘[01m[Ka[m[K’
   aula [01;31m[Ka[m[K = aula(s, x, y);
        [01;31m[K^[m[K
[01m[K/home/me/progetto_labiagi/src/pick_delivery/src/client.cpp:55:12:[m[K [01;31m[Kerror: [m[Krequest for member ‘[01m[Kpush_back[m[K’ in ‘[01m[Kaulelist[m[K’, which is of non-class type ‘[01m[Kint[m[K’
   aulelist.[01;31m[Kpush_back[m[K(a);
            [01;31m[K^~~~~~~~~[m[K
[01m[K/home/me/progetto_labiagi/src/pick_delivery/src/client.cpp:55:22:[m[K [01;31m[Kerror: [m[K‘[01m[Ka[m[K’ was not declared in this scope
   aulelist.push_back([01;31m[Ka[m[K);
                      [01;31m[K^[m[K
make[2]: *** [CMakeFiles/client.dir/src/client.cpp.o] Error 1
make[1]: *** [CMakeFiles/client.dir/all] Error 2
make[1]: *** Waiting for unfinished jobs....
make: *** [all] Error 2
