[  0%] Built target _pick_delivery_generate_messages_check_deps_invio
[  0%] Built target _pick_delivery_generate_messages_check_deps_login
[  0%] Built target std_msgs_generate_messages_cpp
[  0%] Built target _pick_delivery_generate_messages_check_deps_c_to_s
[  0%] Built target _pick_delivery_generate_messages_check_deps_s_to_c
[  0%] Built target std_msgs_generate_messages_py
[  0%] Built target _pick_delivery_generate_messages_check_deps_notifica
[  0%] Built target std_msgs_generate_messages_nodejs
[  0%] Built target std_msgs_generate_messages_lisp
[  0%] Built target std_msgs_generate_messages_eus
[ 15%] Built target pick_delivery_generate_messages_cpp
[ 37%] Built target pick_delivery_generate_messages_py
[ 53%] Built target pick_delivery_generate_messages_nodejs
[ 68%] Built target pick_delivery_generate_messages_lisp
[ 87%] Built target pick_delivery_generate_messages_eus
[ 87%] Built target pick_delivery_gencpp
[ 87%] Built target pick_delivery_generate_messages
[35m[1mScanning dependencies of target client[0m
[ 93%] Built target server
[ 96%] [32mBuilding CXX object CMakeFiles/client.dir/src/client.cpp.o[0m
In file included from [01m[K/opt/ros/melodic/include/ros/serialization.h:37:0[m[K,
                 from [01m[K/opt/ros/melodic/include/ros/publisher.h:34[m[K,
                 from [01m[K/opt/ros/melodic/include/ros/node_handle.h:32[m[K,
                 from [01m[K/opt/ros/melodic/include/ros/ros.h:45[m[K,
                 from [01m[K/home/me/lab/src/pick_delivery/src/client.cpp:1[m[K:
/opt/ros/melodic/include/ros/message_traits.h: In instantiation of ‘[01m[Kstatic const char* ros::message_traits::MD5Sum<M>::value() [with M = boost::shared_ptr<const pick_delivery::s_to_c_<std::allocator<void> > >][m[K’:
[01m[K/opt/ros/melodic/include/ros/message_traits.h:227:102:[m[K   required from ‘[01m[Kconst char* ros::message_traits::md5sum() [with M = boost::shared_ptr<const pick_delivery::s_to_c_<std::allocator<void> > >][m[K’
[01m[K/opt/ros/melodic/include/ros/subscribe_options.h:89:49:[m[K   required from ‘[01m[Kvoid ros::SubscribeOptions::initByFullCallbackType(const string&, uint32_t, const boost::function<void(P)>&, const boost::function<boost::shared_ptr<typename ros::ParameterAdapter<P>::Message>()>&) [with P = boost::shared_ptr<const pick_delivery::s_to_c_<std::allocator<void> > >&; std::__cxx11::string = std::__cxx11::basic_string<char>; uint32_t = unsigned int; typename ros::ParameterAdapter<P>::Message = boost::shared_ptr<const pick_delivery::s_to_c_<std::allocator<void> > >][m[K’
[01m[K/opt/ros/melodic/include/ros/node_handle.h:659:5:[m[K   required from ‘[01m[Kros::Subscriber ros::NodeHandle::subscribe(const string&, uint32_t, void (*)(M), const ros::TransportHints&) [with M = boost::shared_ptr<const pick_delivery::s_to_c_<std::allocator<void> > >&; std::__cxx11::string = std::__cxx11::basic_string<char>; uint32_t = unsigned int][m[K’
[01m[K/home/me/lab/src/pick_delivery/src/client.cpp:92:60:[m[K   required from here
[01m[K/opt/ros/melodic/include/ros/message_traits.h:120:28:[m[K [01;31m[Kerror: [m[K‘[01m[K__s_getMD5Sum[m[K’ is not a member of ‘[01m[Kboost::shared_ptr<const pick_delivery::s_to_c_<std::allocator<void> > >[m[K’
     return [01;31m[KM::__s_getMD5Sum()[m[K.c_str();
            [01;31m[K~~~~~~~~~~~~~~~~^~[m[K
/opt/ros/melodic/include/ros/message_traits.h: In instantiation of ‘[01m[Kstatic const char* ros::message_traits::DataType<M>::value() [with M = boost::shared_ptr<const pick_delivery::s_to_c_<std::allocator<void> > >][m[K’:
[01m[K/opt/ros/melodic/include/ros/message_traits.h:236:104:[m[K   required from ‘[01m[Kconst char* ros::message_traits::datatype() [with M = boost::shared_ptr<const pick_delivery::s_to_c_<std::allocator<void> > >][m[K’
[01m[K/opt/ros/melodic/include/ros/subscribe_options.h:90:53:[m[K   required from ‘[01m[Kvoid ros::SubscribeOptions::initByFullCallbackType(const string&, uint32_t, const boost::function<void(P)>&, const boost::function<boost::shared_ptr<typename ros::ParameterAdapter<P>::Message>()>&) [with P = boost::shared_ptr<const pick_delivery::s_to_c_<std::allocator<void> > >&; std::__cxx11::string = std::__cxx11::basic_string<char>; uint32_t = unsigned int; typename ros::ParameterAdapter<P>::Message = boost::shared_ptr<const pick_delivery::s_to_c_<std::allocator<void> > >][m[K’
[01m[K/opt/ros/melodic/include/ros/node_handle.h:659:5:[m[K   required from ‘[01m[Kros::Subscriber ros::NodeHandle::subscribe(const string&, uint32_t, void (*)(M), const ros::TransportHints&) [with M = boost::shared_ptr<const pick_delivery::s_to_c_<std::allocator<void> > >&; std::__cxx11::string = std::__cxx11::basic_string<char>; uint32_t = unsigned int][m[K’
[01m[K/home/me/lab/src/pick_delivery/src/client.cpp:92:60:[m[K   required from here
[01m[K/opt/ros/melodic/include/ros/message_traits.h:137:30:[m[K [01;31m[Kerror: [m[K‘[01m[K__s_getDataType[m[K’ is not a member of ‘[01m[Kboost::shared_ptr<const pick_delivery::s_to_c_<std::allocator<void> > >[m[K’
     return [01;31m[KM::__s_getDataType()[m[K.c_str();
            [01;31m[K~~~~~~~~~~~~~~~~~~^~[m[K
In file included from [01m[K/opt/ros/melodic/include/ros/subscription_callback_helper.h:35:0[m[K,
                 from [01m[K/opt/ros/melodic/include/ros/subscriber.h:33[m[K,
                 from [01m[K/opt/ros/melodic/include/ros/node_handle.h:33[m[K,
                 from [01m[K/opt/ros/melodic/include/ros/ros.h:45[m[K,
                 from [01m[K/home/me/lab/src/pick_delivery/src/client.cpp:1[m[K:
/opt/ros/melodic/include/ros/parameter_adapter.h: In instantiation of ‘[01m[Kstatic ros::ParameterAdapter<M>::Parameter ros::ParameterAdapter<M>::getParameter(const Event&) [with M = boost::shared_ptr<const pick_delivery::s_to_c_<std::allocator<void> > >&; ros::ParameterAdapter<M>::Parameter = boost::shared_ptr<const pick_delivery::s_to_c_<std::allocator<void> > >&; ros::ParameterAdapter<M>::Event = ros::MessageEvent<const boost::shared_ptr<const pick_delivery::s_to_c_<std::allocator<void> > > >; typename boost::remove_reference<typename boost::remove_const<M>::type>::type = boost::shared_ptr<const pick_delivery::s_to_c_<std::allocator<void> > >][m[K’:
[01m[K/opt/ros/melodic/include/ros/subscription_callback_helper.h:144:48:[m[K   required from ‘[01m[Kvoid ros::SubscriptionCallbackHelperT<P, Enabled>::call(ros::SubscriptionCallbackHelperCallParams&) [with P = boost::shared_ptr<const pick_delivery::s_to_c_<std::allocator<void> > >&; Enabled = void][m[K’
[01m[K/home/me/lab/src/pick_delivery/src/client.cpp:243:1:[m[K   required from here
[01m[K/opt/ros/melodic/include/ros/parameter_adapter.h:78:30:[m[K [01;31m[Kerror: [m[Kbinding reference of type ‘[01m[Kros::ParameterAdapter<boost::shared_ptr<const pick_delivery::s_to_c_<std::allocator<void> > >&>::Parameter {aka boost::shared_ptr<const pick_delivery::s_to_c_<std::allocator<void> > >&}[m[K’ to ‘[01m[Kconst boost::shared_ptr<const pick_delivery::s_to_c_<std::allocator<void> > >[m[K’ discards qualifiers
     return *event.getMessage([01;31m[K)[m[K;
                              [01;31m[K^[m[K
In file included from [01m[K/opt/ros/melodic/include/ros/publisher.h:34:0[m[K,
                 from [01m[K/opt/ros/melodic/include/ros/node_handle.h:32[m[K,
                 from [01m[K/opt/ros/melodic/include/ros/ros.h:45[m[K,
                 from [01m[K/home/me/lab/src/pick_delivery/src/client.cpp:1[m[K:
/opt/ros/melodic/include/ros/serialization.h: In instantiation of ‘[01m[Kstatic void ros::serialization::Serializer<T>::read(Stream&, typename boost::call_traits<T>::reference) [with Stream = ros::serialization::IStream; T = boost::shared_ptr<const pick_delivery::s_to_c_<std::allocator<void> > >; typename boost::call_traits<T>::reference = boost::shared_ptr<const pick_delivery::s_to_c_<std::allocator<void> > >&][m[K’:
[01m[K/opt/ros/melodic/include/ros/serialization.h:163:22:[m[K   required from ‘[01m[Kvoid ros::serialization::deserialize(Stream&, T&) [with T = boost::shared_ptr<const pick_delivery::s_to_c_<std::allocator<void> > >; Stream = ros::serialization::IStream][m[K’
[01m[K/opt/ros/melodic/include/ros/subscription_callback_helper.h:136:21:[m[K   required from ‘[01m[Kros::VoidConstPtr ros::SubscriptionCallbackHelperT<P, Enabled>::deserialize(const ros::SubscriptionCallbackHelperDeserializeParams&) [with P = boost::shared_ptr<const pick_delivery::s_to_c_<std::allocator<void> > >&; Enabled = void; ros::VoidConstPtr = boost::shared_ptr<const void>][m[K’
[01m[K/home/me/lab/src/pick_delivery/src/client.cpp:243:1:[m[K   required from here
[01m[K/opt/ros/melodic/include/ros/serialization.h:136:7:[m[K [01;31m[Kerror: [m[K‘[01m[Kclass boost::shared_ptr<const pick_delivery::s_to_c_<std::allocator<void> > >[m[K’ has no member named ‘[01m[Kdeserialize[m[K’
     [01;31m[Kt.deserialize[m[K(stream.getData());
     [01;31m[K~~^~~~~~~~~~~[m[K
CMakeFiles/client.dir/build.make:62: recipe for target 'CMakeFiles/client.dir/src/client.cpp.o' failed
CMakeFiles/Makefile2:626: recipe for target 'CMakeFiles/client.dir/all' failed
Makefile:140: recipe for target 'all' failed
make[2]: *** [CMakeFiles/client.dir/src/client.cpp.o] Error 1
make[1]: *** [CMakeFiles/client.dir/all] Error 2
make: *** [all] Error 2
