Symlinking /home/me/lab/devel/include/pick_delivery/invioResponse.h
Symlinking /home/me/lab/devel/include/pick_delivery/c_to_s.h
Symlinking /home/me/lab/devel/include/pick_delivery/s_to_c.h
Symlinking /home/me/lab/devel/include/pick_delivery/loginRequest.h
Symlinking /home/me/lab/devel/include/pick_delivery/invioRequest.h
Symlinking /home/me/lab/devel/include/pick_delivery/invio.h
Symlinking /home/me/lab/devel/include/pick_delivery/loginResponse.h
Symlinking /home/me/lab/devel/include/pick_delivery/login.h
Symlinking /home/me/lab/devel/lib/pick_delivery/server
Symlinking /home/me/lab/devel/lib/pick_delivery/client
Symlinking /home/me/lab/devel/lib/pkgconfig/pick_delivery.pc
Symlinking /home/me/lab/devel/lib/python2.7/dist-packages/pick_delivery/__init__.py
Symlinking /home/me/lab/devel/lib/python2.7/dist-packages/pick_delivery/msg/_c_to_s.py
Symlinking /home/me/lab/devel/lib/python2.7/dist-packages/pick_delivery/msg/_s_to_c.py
Symlinking /home/me/lab/devel/lib/python2.7/dist-packages/pick_delivery/msg/__init__.py
Symlinking /home/me/lab/devel/lib/python2.7/dist-packages/pick_delivery/srv/_invio.py
Symlinking /home/me/lab/devel/lib/python2.7/dist-packages/pick_delivery/srv/_login.py
Symlinking /home/me/lab/devel/lib/python2.7/dist-packages/pick_delivery/srv/__init__.py
Symlinking /home/me/lab/devel/share/pick_delivery/cmake/pick_delivery-msg-paths.cmake
Symlinking /home/me/lab/devel/share/pick_delivery/cmake/pick_deliveryConfig.cmake
Symlinking /home/me/lab/devel/share/pick_delivery/cmake/pick_delivery-msg-extras.cmake
Symlinking /home/me/lab/devel/share/pick_delivery/cmake/pick_deliveryConfig-version.cmake
Symlinking /home/me/lab/devel/share/roseus/ros/pick_delivery/manifest.l
Symlinking /home/me/lab/devel/share/roseus/ros/pick_delivery/msg/s_to_c.l
Symlinking /home/me/lab/devel/share/roseus/ros/pick_delivery/msg/c_to_s.l
Symlinking /home/me/lab/devel/share/roseus/ros/pick_delivery/srv/invio.l
Symlinking /home/me/lab/devel/share/roseus/ros/pick_delivery/srv/login.l
Symlinking /home/me/lab/devel/share/gennodejs/ros/pick_delivery/_index.js
Symlinking /home/me/lab/devel/share/gennodejs/ros/pick_delivery/msg/_index.js
Symlinking /home/me/lab/devel/share/gennodejs/ros/pick_delivery/msg/s_to_c.js
Symlinking /home/me/lab/devel/share/gennodejs/ros/pick_delivery/msg/c_to_s.js
Symlinking /home/me/lab/devel/share/gennodejs/ros/pick_delivery/srv/login.js
Symlinking /home/me/lab/devel/share/gennodejs/ros/pick_delivery/srv/_index.js
Symlinking /home/me/lab/devel/share/gennodejs/ros/pick_delivery/srv/invio.js
Symlinking /home/me/lab/devel/share/common-lisp/ros/pick_delivery/msg/_package.lisp
Symlinking /home/me/lab/devel/share/common-lisp/ros/pick_delivery/msg/c_to_s.lisp
Symlinking /home/me/lab/devel/share/common-lisp/ros/pick_delivery/msg/_package_s_to_c.lisp
Symlinking /home/me/lab/devel/share/common-lisp/ros/pick_delivery/msg/pick_delivery-msg.asd
Symlinking /home/me/lab/devel/share/common-lisp/ros/pick_delivery/msg/s_to_c.lisp
Symlinking /home/me/lab/devel/share/common-lisp/ros/pick_delivery/msg/_package_c_to_s.lisp
Symlinking /home/me/lab/devel/share/common-lisp/ros/pick_delivery/srv/_package.lisp
Symlinking /home/me/lab/devel/share/common-lisp/ros/pick_delivery/srv/_package_invio.lisp
Symlinking /home/me/lab/devel/share/common-lisp/ros/pick_delivery/srv/login.lisp
Symlinking /home/me/lab/devel/share/common-lisp/ros/pick_delivery/srv/invio.lisp
Symlinking /home/me/lab/devel/share/common-lisp/ros/pick_delivery/srv/pick_delivery-srv.asd
Symlinking /home/me/lab/devel/share/common-lisp/ros/pick_delivery/srv/_package_login.lisp
