[01m[K/home/me/lab/src/pick_delivery/src/client.cpp:[m[K In function ‘[01m[Kvoid scegli()[m[K’:
[01m[K/home/me/lab/src/pick_delivery/src/client.cpp:93:17:[m[K [01;31m[Kerror: [m[Ktoo many arguments to function ‘[01m[Kvoid waitcheck()[m[K’
      waitcheck(5[01;31m[K)[m[K;
                 [01;31m[K^[m[K
[01m[K/home/me/lab/src/pick_delivery/src/client.cpp:29:6:[m[K [01;36m[Knote: [m[Kdeclared here
 void [01;36m[Kwaitcheck[m[K()
      [01;36m[K^~~~~~~~~[m[K
[01m[K/home/me/lab/src/pick_delivery/src/client.cpp:151:15:[m[K [01;31m[Kerror: [m[Ktoo many arguments to function ‘[01m[Kvoid waitcheck()[m[K’
    waitcheck(5[01;31m[K)[m[K;
               [01;31m[K^[m[K
[01m[K/home/me/lab/src/pick_delivery/src/client.cpp:29:6:[m[K [01;36m[Knote: [m[Kdeclared here
 void [01;36m[Kwaitcheck[m[K()
      [01;36m[K^~~~~~~~~[m[K
[01m[K/home/me/lab/src/pick_delivery/src/client.cpp:171:15:[m[K [01;31m[Kerror: [m[Ktoo many arguments to function ‘[01m[Kvoid waitcheck()[m[K’
    waitcheck(5[01;31m[K)[m[K;
               [01;31m[K^[m[K
[01m[K/home/me/lab/src/pick_delivery/src/client.cpp:29:6:[m[K [01;36m[Knote: [m[Kdeclared here
 void [01;36m[Kwaitcheck[m[K()
      [01;36m[K^~~~~~~~~[m[K
make[2]: *** [CMakeFiles/client.dir/src/client.cpp.o] Error 1
make[1]: *** [CMakeFiles/client.dir/all] Error 2
make: *** [all] Error 2
