[01m[K/home/me/progetto_labiagi/src/pick_delivery/src/client.cpp:[m[K In function ‘[01m[Kint main(int, char**)[m[K’:
[01m[K/home/me/progetto_labiagi/src/pick_delivery/src/client.cpp:47:47:[m[K [01;31m[Kerror: [m[K‘[01m[Kcallback_Client[m[K’ was not declared in this scope
  sub_server = node.subscribe("/s_to_c", 1000, [01;31m[Kcallback_Client[m[K);
                                               [01;31m[K^~~~~~~~~~~~~~~[m[K
[01m[K/home/me/progetto_labiagi/src/pick_delivery/src/client.cpp:47:47:[m[K [01;36m[Knote: [m[Ksuggested alternative: ‘[01m[Kaulaclient[m[K’
  sub_server = node.subscribe("/s_to_c", 1000, [01;36m[Kcallback_Client[m[K);
                                               [01;36m[K^~~~~~~~~~~~~~~[m[K
                                               [32m[Kaulaclient[m[K
[01m[K/home/me/progetto_labiagi/src/pick_delivery/src/server.cpp:19:1:[m[K [01;31m[Kerror: [m[K‘[01m[Kgeometry_msgs[m[K’ does not name a type
 [01;31m[Kgeometry_msgs[m[K::PoseStamped goal;
 [01;31m[K^~~~~~~~~~~~~[m[K
[01m[K/home/me/progetto_labiagi/src/pick_delivery/src/server.cpp:[m[K In function ‘[01m[Kbool handle_invio(pick_delivery::invio::Request&, pick_delivery::invio::Response&)[m[K’:
[01m[K/home/me/progetto_labiagi/src/pick_delivery/src/server.cpp:127:4:[m[K [01;31m[Kerror: [m[K‘[01m[Kneed_to_serve[m[K’ was not declared in this scope
    [01;31m[Kneed_to_serve[m[K = 1;
    [01;31m[K^~~~~~~~~~~~~[m[K
[01m[K/home/me/progetto_labiagi/src/pick_delivery/src/server.cpp:130:4:[m[K [01;31m[Kerror: [m[K‘[01m[Kaulainvio[m[K’ was not declared in this scope
    [01;31m[Kaulainvio[m[K = req.aula;
    [01;31m[K^~~~~~~~~[m[K
[01m[K/home/me/progetto_labiagi/src/pick_delivery/src/server.cpp:130:4:[m[K [01;36m[Knote: [m[Ksuggested alternative: ‘[01m[Khandle_invio[m[K’
    [01;36m[Kaulainvio[m[K = req.aula;
    [01;36m[K^~~~~~~~~[m[K
    [32m[Khandle_invio[m[K
In file included from [01m[K/opt/ros/melodic/include/ros/ros.h:40:0[m[K,
                 from [01m[K/home/me/progetto_labiagi/src/pick_delivery/src/server.cpp:1[m[K:
[01m[K/home/me/progetto_labiagi/src/pick_delivery/src/server.cpp:[m[K In function ‘[01m[Kvoid check_robot(const ConstPtr&)[m[K’:
[01m[K/opt/ros/melodic/include/ros/console.h:348:176:[m[K [01;35m[Kwarning: [m[Kformat ‘[01m[K%s[m[K’ expects argument of type ‘[01m[Kchar*[m[K’, but argument 8 has type ‘[01m[Kconst _status_type {aka const std::__cxx11::basic_string<char>}[m[K’ [[01;35m[K-Wformat=[m[K]
     ::ros::console::print(filter, __rosconsole_define_location__loc.logger_, __rosconsole_define_location__loc.level_, __FILE__, __LINE__, __ROSCONSOLE_FUNCTION__, __VA_ARGS__[01;35m[K)[m[K
                                                                                                                                                                                [01;35m[K^[m[K
[01m[K/opt/ros/melodic/include/ros/console.h:351:5:[m[K [01;36m[Knote: [m[Kin expansion of macro ‘[01m[KROSCONSOLE_PRINT_AT_LOCATION_WITH_FILTER[m[K’
     [01;36m[KROSCONSOLE_PRINT_AT_LOCATION_WITH_FILTER[m[K(NULL, __VA_ARGS__)
     [01;36m[K^~~~~~~~~~~~~~~~~~~~~~~~~~~~~~~~~~~~~~~~[m[K
[01m[K/opt/ros/melodic/include/ros/console.h:387:7:[m[K [01;36m[Knote: [m[Kin expansion of macro ‘[01m[KROSCONSOLE_PRINT_AT_LOCATION[m[K’
       [01;36m[KROSCONSOLE_PRINT_AT_LOCATION[m[K(__VA_ARGS__); \
       [01;36m[K^~~~~~~~~~~~~~~~~~~~~~~~~~~~[m[K
[01m[K/opt/ros/melodic/include/ros/console.h:572:35:[m[K [01;36m[Knote: [m[Kin expansion of macro ‘[01m[KROS_LOG_COND[m[K’
 #define ROS_LOG(level, name, ...) [01;36m[KROS_LOG_COND[m[K(true, level, name, __VA_ARGS__)
                                   [01;36m[K^~~~~~~~~~~~[m[K
[01m[K/opt/ros/melodic/include/rosconsole/macros_generated.h:110:23:[m[K [01;36m[Knote: [m[Kin expansion of macro ‘[01m[KROS_LOG[m[K’
 #define ROS_INFO(...) [01;36m[KROS_LOG[m[K(::ros::console::levels::Info, ROSCONSOLE_DEFAULT_NAME, __VA_ARGS__)
                       [01;36m[K^~~~~~~[m[K
[01m[K/home/me/progetto_labiagi/src/pick_delivery/src/server.cpp:138:2:[m[K [01;36m[Knote: [m[Kin expansion of macro ‘[01m[KROS_INFO[m[K’
  [01;36m[KR[m[KOS_INFO("[Robot status]: %s", info->status);
  [01;36m[K^[m[K
[01m[K/home/me/progetto_labiagi/src/pick_delivery/src/server.cpp:[m[K At global scope:
[01m[K/home/me/progetto_labiagi/src/pick_delivery/src/server.cpp:160:37:[m[K [01;31m[Kerror: [m[Kvariable or field ‘[01m[KcallBack_server[m[K’ declared void
 void callBack_server(pick_delivery::[01;31m[Kc_to_s[m[K& msg)
                                     [01;31m[K^~~~~~[m[K
[01m[K/home/me/progetto_labiagi/src/pick_delivery/src/server.cpp:160:37:[m[K [01;31m[Kerror: [m[K‘[01m[Kc_to_s[m[K’ is not a member of ‘[01m[Kpick_delivery[m[K’
[01m[K/home/me/progetto_labiagi/src/pick_delivery/src/server.cpp:160:37:[m[K [01;36m[Knote: [m[Ksuggested alternative: ‘[01m[Ks_to_c[m[K’
 void callBack_server(pick_delivery::[01;36m[Kc_to_s[m[K& msg)
                                     [01;36m[K^~~~~~[m[K
                                     [32m[Ks_to_c[m[K
[01m[K/home/me/progetto_labiagi/src/pick_delivery/src/server.cpp:160:45:[m[K [01;31m[Kerror: [m[K‘[01m[Kmsg[m[K’ was not declared in this scope
 void callBack_server(pick_delivery::c_to_s& [01;31m[Kmsg[m[K)
                                             [01;31m[K^~~[m[K
[01m[K/home/me/progetto_labiagi/src/pick_delivery/src/server.cpp:160:45:[m[K [01;36m[Knote: [m[Ksuggested alternative: ‘[01m[Kmsc[m[K’
 void callBack_server(pick_delivery::c_to_s& [01;36m[Kmsg[m[K)
                                             [01;36m[K^~~[m[K
                                             [32m[Kmsc[m[K
[01m[K/home/me/progetto_labiagi/src/pick_delivery/src/server.cpp:[m[K In function ‘[01m[Kint main(int, char**)[m[K’:
[01m[K/home/me/progetto_labiagi/src/pick_delivery/src/server.cpp:180:47:[m[K [01;31m[Kerror: [m[K‘[01m[Kcallback_Server[m[K’ was not declared in this scope
  sub_client = node.subscribe("/c_to_s", 1000, [01;31m[Kcallback_Server[m[K);
                                               [01;31m[K^~~~~~~~~~~~~~~[m[K
[01m[K/home/me/progetto_labiagi/src/pick_delivery/src/server.cpp:182:29:[m[K [01;31m[Kerror: [m[K‘[01m[Kgeometry_msgs[m[K’ was not declared in this scope
  pub_robot = node.advertise<[01;31m[Kgeometry_msgs[m[K::PoseStamped>("/move_base_simple/goal", 1000);
                             [01;31m[K^~~~~~~~~~~~~[m[K
[01m[K/home/me/progetto_labiagi/src/pick_delivery/src/server.cpp:182:19:[m[K [01;31m[Kerror: [m[Kparse error in template argument list
  pub_robot = node.[01;31m[Kadvertise<geometry_msgs::PoseStamped>[m[K("/move_base_simple/goal", 1000);
                   [01;31m[K^~~~~~~~~~~~~~~~~~~~~~~~~~~~~~~~~~~~~[m[K
[01m[K/home/me/progetto_labiagi/src/pick_delivery/src/server.cpp:182:87:[m[K [01;31m[Kerror: [m[Kno matching function for call to ‘[01m[Kros::NodeHandle::advertise<<expression error> >(const char [23], int)[m[K’
  pub_robot = node.advertise<geometry_msgs::PoseStamped>("/move_base_simple/goal", 1000[01;31m[K)[m[K;
                                                                                       [01;31m[K^[m[K
In file included from [01m[K/opt/ros/melodic/include/ros/ros.h:45:0[m[K,
                 from [01m[K/home/me/progetto_labiagi/src/pick_delivery/src/server.cpp:1[m[K:
[01m[K/opt/ros/melodic/include/ros/node_handle.h:249:15:[m[K [01;36m[Knote: [m[Kcandidate: template<class M> ros::Publisher ros::NodeHandle::advertise(const string&, uint32_t, bool)
     Publisher [01;36m[Kadvertise[m[K(const std::string& topic, uint32_t queue_size, bool latch = false)
               [01;36m[K^~~~~~~~~[m[K
[01m[K/opt/ros/melodic/include/ros/node_handle.h:249:15:[m[K [01;36m[Knote: [m[K  template argument deduction/substitution failed:
[01m[K/home/me/progetto_labiagi/src/pick_delivery/src/server.cpp:182:87:[m[K [01;31m[Kerror: [m[Ktemplate argument 1 is invalid
  pub_robot = node.advertise<geometry_msgs::PoseStamped>("/move_base_simple/goal", 1000[01;31m[K)[m[K;
                                                                                       [01;31m[K^[m[K
In file included from [01m[K/opt/ros/melodic/include/ros/ros.h:45:0[m[K,
                 from [01m[K/home/me/progetto_labiagi/src/pick_delivery/src/server.cpp:1[m[K:
[01m[K/opt/ros/melodic/include/ros/node_handle.h:315:13:[m[K [01;36m[Knote: [m[Kcandidate: template<class M> ros::Publisher ros::NodeHandle::advertise(const string&, uint32_t, const SubscriberStatusCallback&, const SubscriberStatusCallback&, const VoidConstPtr&, bool)
   Publisher [01;36m[Kadvertise[m[K(const std::string& topic, uint32_t queue_size,
             [01;36m[K^~~~~~~~~[m[K
[01m[K/opt/ros/melodic/include/ros/node_handle.h:315:13:[m[K [01;36m[Knote: [m[K  template argument deduction/substitution failed:
[01m[K/home/me/progetto_labiagi/src/pick_delivery/src/server.cpp:182:87:[m[K [01;31m[Kerror: [m[Ktemplate argument 1 is invalid
  pub_robot = node.advertise<geometry_msgs::PoseStamped>("/move_base_simple/goal", 1000[01;31m[K)[m[K;
                                                                                       [01;31m[K^[m[K
[01m[K/home/me/progetto_labiagi/src/pick_delivery/src/server.cpp:188:7:[m[K [01;31m[Kerror: [m[K‘[01m[Kneed_to_serve[m[K’ was not declared in this scope
   if ([01;31m[Kneed_to_serve[m[K == 1)
       [01;31m[K^~~~~~~~~~~~~[m[K
[01m[K/home/me/progetto_labiagi/src/pick_delivery/src/server.cpp:204:4:[m[K [01;31m[Kerror: [m[K‘[01m[Kgoal[m[K’ was not declared in this scope
    [01;31m[Kgoal[m[K.header.stamp = ros::Time::now();
    [01;31m[K^~~~[m[K
[01m[K/home/me/progetto_labiagi/src/pick_delivery/src/server.cpp:204:4:[m[K [01;36m[Knote: [m[Ksuggested alternative: ‘[01m[Kpowl[m[K’
    [01;36m[Kgoal[m[K.header.stamp = ros::Time::now();
    [01;36m[K^~~~[m[K
    [32m[Kpowl[m[K
make[2]: *** [CMakeFiles/client.dir/src/client.cpp.o] Error 1
make[1]: *** [CMakeFiles/client.dir/all] Error 2
make[1]: *** Waiting for unfinished jobs....
make[2]: *** [CMakeFiles/server.dir/src/server.cpp.o] Error 1
make[1]: *** [CMakeFiles/server.dir/all] Error 2
make: *** [all] Error 2
