[  0%] Built target _pick_delivery_generate_messages_check_deps_invio
[  0%] Built target _pick_delivery_generate_messages_check_deps_login
[  0%] Built target std_msgs_generate_messages_cpp
[  0%] Built target _pick_delivery_generate_messages_check_deps_c_to_s
[  0%] Built target _pick_delivery_generate_messages_check_deps_s_to_c
[  0%] Built target std_msgs_generate_messages_py
[  0%] Built target _pick_delivery_generate_messages_check_deps_notifica
[  0%] Built target std_msgs_generate_messages_nodejs
[  0%] Built target std_msgs_generate_messages_lisp
[  0%] Built target std_msgs_generate_messages_eus
[  3%] [34m[1mGenerating Python from MSG pick_delivery/s_to_c[0m
[  6%] [34m[1mGenerating C++ code from pick_delivery/s_to_c.msg[0m
[  9%] [34m[1mGenerating Python msg __init__.py for pick_delivery[0m
[ 21%] Built target pick_delivery_generate_messages_cpp
[ 25%] [34m[1mGenerating Javascript code from pick_delivery/s_to_c.msg[0m
[ 37%] Built target pick_delivery_generate_messages_nodejs
[ 40%] [34m[1mGenerating Python srv __init__.py for pick_delivery[0m
[ 43%] [34m[1mGenerating Lisp code from pick_delivery/s_to_c.msg[0m
[ 56%] Built target pick_delivery_generate_messages_lisp
[ 59%] [34m[1mGenerating EusLisp code from pick_delivery/s_to_c.msg[0m
[ 71%] Built target pick_delivery_generate_messages_py
[ 71%] Built target pick_delivery_gencpp
[ 87%] Built target pick_delivery_generate_messages_eus
[35m[1mScanning dependencies of target server[0m
[35m[1mScanning dependencies of target client[0m
[ 90%] [32mBuilding CXX object CMakeFiles/server.dir/src/server.cpp.o[0m
[ 93%] [32mBuilding CXX object CMakeFiles/client.dir/src/client.cpp.o[0m
[ 96%] [32m[1mLinking CXX executable /home/me/lab/devel/.private/pick_delivery/lib/pick_delivery/client[0m
[100%] [32m[1mLinking CXX executable /home/me/lab/devel/.private/pick_delivery/lib/pick_delivery/server[0m
[100%] Built target client
[100%] Built target pick_delivery_generate_messages
[100%] Built target server
