[01m[K/home/me/progetto_labiagi/src/pick_delivery/src/server.cpp:[m[K In function ‘[01m[Kbool handle_client(pick_delivery::login::Request&, pick_delivery::login::Response&)[m[K’:
[01m[K/home/me/progetto_labiagi/src/pick_delivery/src/server.cpp:11:10:[m[K [01;31m[Kerror: [m[K‘[01m[Kpick_delivery::login::Request {aka struct pick_delivery::loginRequest_<std::allocator<void> >}[m[K’ has no member named ‘[01m[Kis_in[m[K’
  if (req.[01;31m[Kis_in[m[K == 1)
          [01;31m[K^~~~~[m[K
[01m[K/home/me/progetto_labiagi/src/pick_delivery/src/server.cpp:25:7:[m[K [01;31m[Kerror: [m[K‘[01m[Kpick_delivery::login::Response {aka struct pick_delivery::loginResponse_<std::allocator<void> >}[m[K’ has no member named ‘[01m[Kusername[m[K’
   res.[01;31m[Kusername[m[K = us.hash;
       [01;31m[K^~~~~~~~[m[K
[01m[K/home/me/progetto_labiagi/src/pick_delivery/src/server.cpp:27:10:[m[K [01;31m[Kerror: [m[K‘[01m[Kpick_delivery::login::Request {aka struct pick_delivery::loginRequest_<std::allocator<void> >}[m[K’ has no member named ‘[01m[Kis_in[m[K’
  if (req.[01;31m[Kis_in[m[K == 2)
          [01;31m[K^~~~~[m[K
[01m[K/home/me/progetto_labiagi/src/pick_delivery/src/server.cpp:39:14:[m[K [01;31m[Kerror: [m[Kaggregate ‘[01m[Kstd::ifstream file[m[K’ has incomplete type and cannot be defined
     ifstream [01;31m[Kfile[m[K;
              [01;31m[K^~~~[m[K
[01m[K/home/me/progetto_labiagi/src/pick_delivery/src/client.cpp:[m[K In function ‘[01m[Kint main(int, char**)[m[K’:
[01m[K/home/me/progetto_labiagi/src/pick_delivery/src/client.cpp:63:19:[m[K [01;31m[Kerror: [m[K‘[01m[Kpick_delivery::login::Request {aka struct pick_delivery::loginRequest_<std::allocator<void> >}[m[K’ has no member named ‘[01m[Kaula[m[K’
    msglog.request.[01;31m[Kaula[m[K = aula;
                   [01;31m[K^~~~[m[K
make[2]: *** [CMakeFiles/server.dir/src/server.cpp.o] Error 1
make[1]: *** [CMakeFiles/server.dir/all] Error 2
make[1]: *** Waiting for unfinished jobs....
make[2]: *** [CMakeFiles/client.dir/src/client.cpp.o] Error 1
make[1]: *** [CMakeFiles/client.dir/all] Error 2
make: *** [all] Error 2
