[  0%] Built target _pick_delivery_generate_messages_check_deps_invio
[  0%] Built target _pick_delivery_generate_messages_check_deps_login
[  0%] Built target std_msgs_generate_messages_cpp
[  0%] Built target _pick_delivery_generate_messages_check_deps_c_to_s
[  0%] Built target std_msgs_generate_messages_py
[  0%] Built target _pick_delivery_generate_messages_check_deps_s_to_c
[  0%] Built target std_msgs_generate_messages_lisp
[  0%] Built target std_msgs_generate_messages_nodejs
[  0%] Built target std_msgs_generate_messages_eus
[ 14%] Built target pick_delivery_generate_messages_cpp
[ 29%] Built target pick_delivery_generate_messages_nodejs
[ 51%] Built target pick_delivery_generate_messages_py
[ 66%] Built target pick_delivery_generate_messages_lisp
[ 85%] Built target pick_delivery_generate_messages_eus
[ 85%] Built target pick_delivery_generate_messages
[ 85%] Built target pick_delivery_gencpp
[35m[1mScanning dependencies of target server[0m
[ 88%] [32mBuilding CXX object CMakeFiles/client.dir/src/client.cpp.o[0m
[ 92%] [32mBuilding CXX object CMakeFiles/server.dir/src/server.cpp.o[0m
In file included from [01m[K/opt/ros/melodic/include/ros/ros.h:40:0[m[K,
                 from [01m[K/home/me/progetto_labiagi/src/pick_delivery/src/server.cpp:1[m[K:
[01m[K/home/me/progetto_labiagi/src/pick_delivery/src/server.cpp:[m[K In function ‘[01m[Kvoid check_robot(const ConstPtr&)[m[K’:
[01m[K/opt/ros/melodic/include/ros/console.h:348:176:[m[K [01;35m[Kwarning: [m[Kformat ‘[01m[K%s[m[K’ expects argument of type ‘[01m[Kchar*[m[K’, but argument 8 has type ‘[01m[Kconst _status_type {aka const std::__cxx11::basic_string<char>}[m[K’ [[01;35m[K-Wformat=[m[K]
     ::ros::console::print(filter, __rosconsole_define_location__loc.logger_, __rosconsole_define_location__loc.level_, __FILE__, __LINE__, __ROSCONSOLE_FUNCTION__, __VA_ARGS__[01;35m[K)[m[K
                                                                                                                                                                                [01;35m[K^[m[K
[01m[K/opt/ros/melodic/include/ros/console.h:351:5:[m[K [01;36m[Knote: [m[Kin expansion of macro ‘[01m[KROSCONSOLE_PRINT_AT_LOCATION_WITH_FILTER[m[K’
     [01;36m[KROSCONSOLE_PRINT_AT_LOCATION_WITH_FILTER[m[K(NULL, __VA_ARGS__)
     [01;36m[K^~~~~~~~~~~~~~~~~~~~~~~~~~~~~~~~~~~~~~~~[m[K
[01m[K/opt/ros/melodic/include/ros/console.h:387:7:[m[K [01;36m[Knote: [m[Kin expansion of macro ‘[01m[KROSCONSOLE_PRINT_AT_LOCATION[m[K’
       [01;36m[KROSCONSOLE_PRINT_AT_LOCATION[m[K(__VA_ARGS__); \
       [01;36m[K^~~~~~~~~~~~~~~~~~~~~~~~~~~~[m[K
[01m[K/opt/ros/melodic/include/ros/console.h:572:35:[m[K [01;36m[Knote: [m[Kin expansion of macro ‘[01m[KROS_LOG_COND[m[K’
 #define ROS_LOG(level, name, ...) [01;36m[KROS_LOG_COND[m[K(true, level, name, __VA_ARGS__)
                                   [01;36m[K^~~~~~~~~~~~[m[K
[01m[K/opt/ros/melodic/include/rosconsole/macros_generated.h:110:23:[m[K [01;36m[Knote: [m[Kin expansion of macro ‘[01m[KROS_LOG[m[K’
 #define ROS_INFO(...) [01;36m[KROS_LOG[m[K(::ros::console::levels::Info, ROSCONSOLE_DEFAULT_NAME, __VA_ARGS__)
                       [01;36m[K^~~~~~~[m[K
[01m[K/home/me/progetto_labiagi/src/pick_delivery/src/server.cpp:141:2:[m[K [01;36m[Knote: [m[Kin expansion of macro ‘[01m[KROS_INFO[m[K’
  [01;36m[KR[m[KOS_INFO("[Robot status]: %s", info->status);
  [01;36m[K^[m[K
In file included from [01m[K/opt/ros/melodic/include/ros/subscription_callback_helper.h:35:0[m[K,
                 from [01m[K/opt/ros/melodic/include/ros/subscriber.h:33[m[K,
                 from [01m[K/opt/ros/melodic/include/ros/node_handle.h:33[m[K,
                 from [01m[K/opt/ros/melodic/include/ros/ros.h:45[m[K,
                 from [01m[K/home/me/progetto_labiagi/src/pick_delivery/src/client.cpp:1[m[K:
/opt/ros/melodic/include/ros/parameter_adapter.h: In instantiation of ‘[01m[Kstatic ros::ParameterAdapter<M>::Parameter ros::ParameterAdapter<M>::getParameter(const Event&) [with M = pick_delivery::s_to_c_<std::allocator<void> >&; ros::ParameterAdapter<M>::Parameter = pick_delivery::s_to_c_<std::allocator<void> >&; ros::ParameterAdapter<M>::Event = ros::MessageEvent<const pick_delivery::s_to_c_<std::allocator<void> > >; typename boost::remove_reference<typename boost::remove_const<M>::type>::type = pick_delivery::s_to_c_<std::allocator<void> >][m[K’:
[01m[K/opt/ros/melodic/include/ros/subscription_callback_helper.h:144:48:[m[K   required from ‘[01m[Kvoid ros::SubscriptionCallbackHelperT<P, Enabled>::call(ros::SubscriptionCallbackHelperCallParams&) [with P = pick_delivery::s_to_c_<std::allocator<void> >&; Enabled = void][m[K’
[01m[K/home/me/progetto_labiagi/src/pick_delivery/src/client.cpp:196:1:[m[K   required from here
[01m[K/opt/ros/melodic/include/ros/parameter_adapter.h:78:30:[m[K [01;31m[Kerror: [m[Kbinding reference of type ‘[01m[Kros::ParameterAdapter<pick_delivery::s_to_c_<std::allocator<void> >&>::Parameter {aka pick_delivery::s_to_c_<std::allocator<void> >&}[m[K’ to ‘[01m[Kconst pick_delivery::s_to_c_<std::allocator<void> >[m[K’ discards qualifiers
     return *event.getMessage([01;31m[K)[m[K;
                              [01;31m[K^[m[K
In file included from [01m[K/opt/ros/melodic/include/ros/subscription_callback_helper.h:35:0[m[K,
                 from [01m[K/opt/ros/melodic/include/ros/subscriber.h:33[m[K,
                 from [01m[K/opt/ros/melodic/include/ros/node_handle.h:33[m[K,
                 from [01m[K/opt/ros/melodic/include/ros/ros.h:45[m[K,
                 from [01m[K/home/me/progetto_labiagi/src/pick_delivery/src/server.cpp:1[m[K:
/opt/ros/melodic/include/ros/parameter_adapter.h: In instantiation of ‘[01m[Kstatic ros::ParameterAdapter<M>::Parameter ros::ParameterAdapter<M>::getParameter(const Event&) [with M = pick_delivery::c_to_s_<std::allocator<void> >&; ros::ParameterAdapter<M>::Parameter = pick_delivery::c_to_s_<std::allocator<void> >&; ros::ParameterAdapter<M>::Event = ros::MessageEvent<const pick_delivery::c_to_s_<std::allocator<void> > >; typename boost::remove_reference<typename boost::remove_const<M>::type>::type = pick_delivery::c_to_s_<std::allocator<void> >][m[K’:
[01m[K/opt/ros/melodic/include/ros/subscription_callback_helper.h:144:48:[m[K   required from ‘[01m[Kvoid ros::SubscriptionCallbackHelperT<P, Enabled>::call(ros::SubscriptionCallbackHelperCallParams&) [with P = pick_delivery::c_to_s_<std::allocator<void> >&; Enabled = void][m[K’
[01m[K/home/me/progetto_labiagi/src/pick_delivery/src/server.cpp:219:1:[m[K   required from here
[01m[K/opt/ros/melodic/include/ros/parameter_adapter.h:78:30:[m[K [01;31m[Kerror: [m[Kbinding reference of type ‘[01m[Kros::ParameterAdapter<pick_delivery::c_to_s_<std::allocator<void> >&>::Parameter {aka pick_delivery::c_to_s_<std::allocator<void> >&}[m[K’ to ‘[01m[Kconst pick_delivery::c_to_s_<std::allocator<void> >[m[K’ discards qualifiers
     return *event.getMessage([01;31m[K)[m[K;
                              [01;31m[K^[m[K
CMakeFiles/client.dir/build.make:62: recipe for target 'CMakeFiles/client.dir/src/client.cpp.o' failed
make[2]: *** [CMakeFiles/client.dir/src/client.cpp.o] Error 1
CMakeFiles/Makefile2:587: recipe for target 'CMakeFiles/client.dir/all' failed
make[1]: *** [CMakeFiles/client.dir/all] Error 2
make[1]: *** Waiting for unfinished jobs....
CMakeFiles/server.dir/build.make:62: recipe for target 'CMakeFiles/server.dir/src/server.cpp.o' failed
CMakeFiles/Makefile2:1185: recipe for target 'CMakeFiles/server.dir/all' failed
make[2]: *** [CMakeFiles/server.dir/src/server.cpp.o] Error 1
make[1]: *** [CMakeFiles/server.dir/all] Error 2
Makefile:140: recipe for target 'all' failed
make: *** [all] Error 2
