[01m[K/home/me/lab/src/pick_delivery/src/server.cpp:[m[K In function ‘[01m[Kvoid callClient()[m[K’:
[01m[K/home/me/lab/src/pick_delivery/src/server.cpp:132:2:[m[K [01;31m[Kerror: [m[K‘[01m[Kclient_called[m[K’ was not declared in this scope
  [01;31m[Kclient_called[m[K = 1;
  [01;31m[K^~~~~~~~~~~~~[m[K
[01m[K/home/me/lab/src/pick_delivery/src/server.cpp:[m[K In function ‘[01m[Kvoid set_goal()[m[K’:
[01m[K/home/me/lab/src/pick_delivery/src/server.cpp:175:2:[m[K [01;31m[Kerror: [m[K‘[01m[Kclient_called[m[K’ was not declared in this scope
  [01;31m[Kclient_called[m[K = 0;
  [01;31m[K^~~~~~~~~~~~~[m[K
[01m[K/home/me/lab/src/pick_delivery/src/server.cpp:[m[K In function ‘[01m[Kvoid check_robot(const ConstPtr&)[m[K’:
[01m[K/home/me/lab/src/pick_delivery/src/server.cpp:242:8:[m[K [01;31m[Kerror: [m[K‘[01m[Kclient_called[m[K’ was not declared in this scope
    if ([01;31m[Kclient_called[m[K == 0)
        [01;31m[K^~~~~~~~~~~~~[m[K
[01m[K/home/me/lab/src/pick_delivery/src/client.cpp:[m[K In function ‘[01m[Kbool handle_notifica(pick_delivery::notifica::Request&, pick_delivery::notifica::Response&)[m[K’:
[01m[K/home/me/lab/src/pick_delivery/src/client.cpp:27:32:[m[K [01;31m[Kerror: [m[K‘[01m[Kpick_delivery::notifica::Request {aka struct pick_delivery::notificaRequest_<std::allocator<void> >}[m[K’ has no member named ‘[01m[Kname[m[K’
  if (req.auladest == "" && req.[01;31m[Kname[m[K = name)
                                [01;31m[K^~~~[m[K
[01m[K/home/me/lab/src/pick_delivery/src/client.cpp:32:45:[m[K [01;31m[Kerror: [m[K‘[01m[Kpick_delivery::notifica::Request {aka struct pick_delivery::notificaRequest_<std::allocator<void> >}[m[K’ has no member named ‘[01m[Kname[m[K’
  else if (req.auladest == aulaclient && req.[01;31m[Kname[m[K = "0")
                                             [01;31m[K^~~~[m[K
[01m[K/home/me/lab/src/pick_delivery/src/client.cpp:[m[K In function ‘[01m[Kint main(int, char**)[m[K’:
[01m[K/home/me/lab/src/pick_delivery/src/client.cpp:119:4:[m[K [01;31m[Kerror: [m[K‘[01m[Kmsc[m[K’ was not declared in this scope
    [01;31m[Kmsc[m[K.sender = name;
    [01;31m[K^~~[m[K
make[2]: *** [CMakeFiles/client.dir/src/client.cpp.o] Error 1
make[1]: *** [CMakeFiles/client.dir/all] Error 2
make[1]: *** Waiting for unfinished jobs....
make[2]: *** [CMakeFiles/server.dir/src/server.cpp.o] Error 1
make[1]: *** [CMakeFiles/server.dir/all] Error 2
make: *** [all] Error 2
