[35m[1mScanning dependencies of target _pick_delivery_generate_messages_check_deps_invio[0m
[35m[1mScanning dependencies of target _pick_delivery_generate_messages_check_deps_login[0m
[  0%] Built target _pick_delivery_generate_messages_check_deps_login
[  0%] Built target _pick_delivery_generate_messages_check_deps_invio
[35m[1mScanning dependencies of target std_msgs_generate_messages_cpp[0m
[35m[1mScanning dependencies of target _pick_delivery_generate_messages_check_deps_c_to_s[0m
[  0%] Built target std_msgs_generate_messages_cpp
[35m[1mScanning dependencies of target _pick_delivery_generate_messages_check_deps_s_to_c[0m
[  0%] Built target _pick_delivery_generate_messages_check_deps_c_to_s
[35m[1mScanning dependencies of target std_msgs_generate_messages_py[0m
[  0%] Built target _pick_delivery_generate_messages_check_deps_s_to_c
[  0%] Built target std_msgs_generate_messages_py
[35m[1mScanning dependencies of target std_msgs_generate_messages_nodejs[0m
[35m[1mScanning dependencies of target std_msgs_generate_messages_lisp[0m
[  0%] Built target std_msgs_generate_messages_lisp
[  0%] Built target std_msgs_generate_messages_nodejs
[35m[1mScanning dependencies of target std_msgs_generate_messages_eus[0m
[35m[1mScanning dependencies of target pick_delivery_generate_messages_cpp[0m
[  0%] Built target std_msgs_generate_messages_eus
[  3%] [34m[1mGenerating C++ code from pick_delivery/c_to_s.msg[0m
[35m[1mScanning dependencies of target pick_delivery_generate_messages_py[0m
[  7%] [34m[1mGenerating Python from MSG pick_delivery/c_to_s[0m
[ 11%] [34m[1mGenerating Python from MSG pick_delivery/s_to_c[0m
[ 14%] [34m[1mGenerating C++ code from pick_delivery/s_to_c.msg[0m
[ 18%] [34m[1mGenerating Python code from SRV pick_delivery/invio[0m
[ 22%] [34m[1mGenerating Python code from SRV pick_delivery/login[0m
[ 25%] [34m[1mGenerating C++ code from pick_delivery/invio.srv[0m
[ 29%] [34m[1mGenerating Python msg __init__.py for pick_delivery[0m
[ 33%] [34m[1mGenerating Python srv __init__.py for pick_delivery[0m
[ 33%] Built target pick_delivery_generate_messages_py
[35m[1mScanning dependencies of target pick_delivery_generate_messages_nodejs[0m
[ 37%] [34m[1mGenerating Javascript code from pick_delivery/c_to_s.msg[0m
[ 40%] [34m[1mGenerating C++ code from pick_delivery/login.srv[0m
[ 44%] [34m[1mGenerating Javascript code from pick_delivery/s_to_c.msg[0m
[ 48%] [34m[1mGenerating Javascript code from pick_delivery/invio.srv[0m
[ 51%] [34m[1mGenerating Javascript code from pick_delivery/login.srv[0m
[ 51%] Built target pick_delivery_generate_messages_nodejs
[35m[1mScanning dependencies of target pick_delivery_generate_messages_lisp[0m
[ 55%] [34m[1mGenerating Lisp code from pick_delivery/c_to_s.msg[0m
[ 59%] [34m[1mGenerating Lisp code from pick_delivery/s_to_c.msg[0m
[ 62%] [34m[1mGenerating Lisp code from pick_delivery/invio.srv[0m
[ 66%] [34m[1mGenerating Lisp code from pick_delivery/login.srv[0m
[ 66%] Built target pick_delivery_generate_messages_lisp
[35m[1mScanning dependencies of target pick_delivery_generate_messages_eus[0m
[ 66%] Built target pick_delivery_generate_messages_cpp
[ 70%] [34m[1mGenerating EusLisp code from pick_delivery/c_to_s.msg[0m
[35m[1mScanning dependencies of target pick_delivery_gencpp[0m
[ 70%] Built target pick_delivery_gencpp
[35m[1mScanning dependencies of target client[0m
[ 74%] [32mBuilding CXX object CMakeFiles/client.dir/src/client.cpp.o[0m
[ 77%] [34m[1mGenerating EusLisp code from pick_delivery/s_to_c.msg[0m
[ 81%] [34m[1mGenerating EusLisp code from pick_delivery/invio.srv[0m
[ 85%] [34m[1mGenerating EusLisp code from pick_delivery/login.srv[0m
[ 88%] [34m[1mGenerating EusLisp manifest code for pick_delivery[0m
[ 88%] Built target pick_delivery_generate_messages_eus
[35m[1mScanning dependencies of target server[0m
[ 92%] [32mBuilding CXX object CMakeFiles/server.dir/src/server.cpp.o[0m
[ 96%] [32m[1mLinking CXX executable /home/me/lab/devel/.private/pick_delivery/lib/pick_delivery/client[0m
[ 96%] Built target client
[35m[1mScanning dependencies of target pick_delivery_generate_messages[0m
[ 96%] Built target pick_delivery_generate_messages
[100%] [32m[1mLinking CXX executable /home/me/lab/devel/.private/pick_delivery/lib/pick_delivery/server[0m
[100%] Built target server
