Linked: (/home/me/progetto_labiagi/devel/.private/pick_delivery/include/pick_delivery/invioResponse.h, /home/me/progetto_labiagi/devel/include/pick_delivery/invioResponse.h)
Linked: (/home/me/progetto_labiagi/devel/.private/pick_delivery/include/pick_delivery/c_to_s.h, /home/me/progetto_labiagi/devel/include/pick_delivery/c_to_s.h)
Linked: (/home/me/progetto_labiagi/devel/.private/pick_delivery/include/pick_delivery/s_to_c.h, /home/me/progetto_labiagi/devel/include/pick_delivery/s_to_c.h)
Linked: (/home/me/progetto_labiagi/devel/.private/pick_delivery/include/pick_delivery/loginRequest.h, /home/me/progetto_labiagi/devel/include/pick_delivery/loginRequest.h)
Linked: (/home/me/progetto_labiagi/devel/.private/pick_delivery/include/pick_delivery/invioRequest.h, /home/me/progetto_labiagi/devel/include/pick_delivery/invioRequest.h)
Linked: (/home/me/progetto_labiagi/devel/.private/pick_delivery/include/pick_delivery/invio.h, /home/me/progetto_labiagi/devel/include/pick_delivery/invio.h)
Linked: (/home/me/progetto_labiagi/devel/.private/pick_delivery/include/pick_delivery/loginResponse.h, /home/me/progetto_labiagi/devel/include/pick_delivery/loginResponse.h)
Linked: (/home/me/progetto_labiagi/devel/.private/pick_delivery/include/pick_delivery/login.h, /home/me/progetto_labiagi/devel/include/pick_delivery/login.h)
Linked: (/home/me/progetto_labiagi/devel/.private/pick_delivery/lib/pick_delivery/server, /home/me/progetto_labiagi/devel/lib/pick_delivery/server)
Linked: (/home/me/progetto_labiagi/devel/.private/pick_delivery/lib/pick_delivery/client, /home/me/progetto_labiagi/devel/lib/pick_delivery/client)
Linked: (/home/me/progetto_labiagi/devel/.private/pick_delivery/lib/pkgconfig/pick_delivery.pc, /home/me/progetto_labiagi/devel/lib/pkgconfig/pick_delivery.pc)
Linked: (/home/me/progetto_labiagi/devel/.private/pick_delivery/lib/python2.7/dist-packages/pick_delivery/__init__.py, /home/me/progetto_labiagi/devel/lib/python2.7/dist-packages/pick_delivery/__init__.py)
Linked: (/home/me/progetto_labiagi/devel/.private/pick_delivery/lib/python2.7/dist-packages/pick_delivery/msg/_c_to_s.py, /home/me/progetto_labiagi/devel/lib/python2.7/dist-packages/pick_delivery/msg/_c_to_s.py)
Linked: (/home/me/progetto_labiagi/devel/.private/pick_delivery/lib/python2.7/dist-packages/pick_delivery/msg/_s_to_c.py, /home/me/progetto_labiagi/devel/lib/python2.7/dist-packages/pick_delivery/msg/_s_to_c.py)
Linked: (/home/me/progetto_labiagi/devel/.private/pick_delivery/lib/python2.7/dist-packages/pick_delivery/msg/__init__.py, /home/me/progetto_labiagi/devel/lib/python2.7/dist-packages/pick_delivery/msg/__init__.py)
Linked: (/home/me/progetto_labiagi/devel/.private/pick_delivery/lib/python2.7/dist-packages/pick_delivery/srv/_invio.py, /home/me/progetto_labiagi/devel/lib/python2.7/dist-packages/pick_delivery/srv/_invio.py)
Linked: (/home/me/progetto_labiagi/devel/.private/pick_delivery/lib/python2.7/dist-packages/pick_delivery/srv/_login.py, /home/me/progetto_labiagi/devel/lib/python2.7/dist-packages/pick_delivery/srv/_login.py)
Linked: (/home/me/progetto_labiagi/devel/.private/pick_delivery/lib/python2.7/dist-packages/pick_delivery/srv/__init__.py, /home/me/progetto_labiagi/devel/lib/python2.7/dist-packages/pick_delivery/srv/__init__.py)
Linked: (/home/me/progetto_labiagi/devel/.private/pick_delivery/share/pick_delivery/cmake/pick_delivery-msg-paths.cmake, /home/me/progetto_labiagi/devel/share/pick_delivery/cmake/pick_delivery-msg-paths.cmake)
Linked: (/home/me/progetto_labiagi/devel/.private/pick_delivery/share/pick_delivery/cmake/pick_deliveryConfig.cmake, /home/me/progetto_labiagi/devel/share/pick_delivery/cmake/pick_deliveryConfig.cmake)
Linked: (/home/me/progetto_labiagi/devel/.private/pick_delivery/share/pick_delivery/cmake/pick_delivery-msg-extras.cmake, /home/me/progetto_labiagi/devel/share/pick_delivery/cmake/pick_delivery-msg-extras.cmake)
Linked: (/home/me/progetto_labiagi/devel/.private/pick_delivery/share/pick_delivery/cmake/pick_deliveryConfig-version.cmake, /home/me/progetto_labiagi/devel/share/pick_delivery/cmake/pick_deliveryConfig-version.cmake)
Linked: (/home/me/progetto_labiagi/devel/.private/pick_delivery/share/roseus/ros/pick_delivery/manifest.l, /home/me/progetto_labiagi/devel/share/roseus/ros/pick_delivery/manifest.l)
Linked: (/home/me/progetto_labiagi/devel/.private/pick_delivery/share/roseus/ros/pick_delivery/msg/s_to_c.l, /home/me/progetto_labiagi/devel/share/roseus/ros/pick_delivery/msg/s_to_c.l)
Linked: (/home/me/progetto_labiagi/devel/.private/pick_delivery/share/roseus/ros/pick_delivery/msg/c_to_s.l, /home/me/progetto_labiagi/devel/share/roseus/ros/pick_delivery/msg/c_to_s.l)
Linked: (/home/me/progetto_labiagi/devel/.private/pick_delivery/share/roseus/ros/pick_delivery/srv/invio.l, /home/me/progetto_labiagi/devel/share/roseus/ros/pick_delivery/srv/invio.l)
Linked: (/home/me/progetto_labiagi/devel/.private/pick_delivery/share/roseus/ros/pick_delivery/srv/login.l, /home/me/progetto_labiagi/devel/share/roseus/ros/pick_delivery/srv/login.l)
Linked: (/home/me/progetto_labiagi/devel/.private/pick_delivery/share/gennodejs/ros/pick_delivery/_index.js, /home/me/progetto_labiagi/devel/share/gennodejs/ros/pick_delivery/_index.js)
Linked: (/home/me/progetto_labiagi/devel/.private/pick_delivery/share/gennodejs/ros/pick_delivery/msg/_index.js, /home/me/progetto_labiagi/devel/share/gennodejs/ros/pick_delivery/msg/_index.js)
Linked: (/home/me/progetto_labiagi/devel/.private/pick_delivery/share/gennodejs/ros/pick_delivery/msg/s_to_c.js, /home/me/progetto_labiagi/devel/share/gennodejs/ros/pick_delivery/msg/s_to_c.js)
Linked: (/home/me/progetto_labiagi/devel/.private/pick_delivery/share/gennodejs/ros/pick_delivery/msg/c_to_s.js, /home/me/progetto_labiagi/devel/share/gennodejs/ros/pick_delivery/msg/c_to_s.js)
Linked: (/home/me/progetto_labiagi/devel/.private/pick_delivery/share/gennodejs/ros/pick_delivery/srv/login.js, /home/me/progetto_labiagi/devel/share/gennodejs/ros/pick_delivery/srv/login.js)
Linked: (/home/me/progetto_labiagi/devel/.private/pick_delivery/share/gennodejs/ros/pick_delivery/srv/_index.js, /home/me/progetto_labiagi/devel/share/gennodejs/ros/pick_delivery/srv/_index.js)
Linked: (/home/me/progetto_labiagi/devel/.private/pick_delivery/share/gennodejs/ros/pick_delivery/srv/invio.js, /home/me/progetto_labiagi/devel/share/gennodejs/ros/pick_delivery/srv/invio.js)
Linked: (/home/me/progetto_labiagi/devel/.private/pick_delivery/share/common-lisp/ros/pick_delivery/msg/_package.lisp, /home/me/progetto_labiagi/devel/share/common-lisp/ros/pick_delivery/msg/_package.lisp)
Linked: (/home/me/progetto_labiagi/devel/.private/pick_delivery/share/common-lisp/ros/pick_delivery/msg/c_to_s.lisp, /home/me/progetto_labiagi/devel/share/common-lisp/ros/pick_delivery/msg/c_to_s.lisp)
Linked: (/home/me/progetto_labiagi/devel/.private/pick_delivery/share/common-lisp/ros/pick_delivery/msg/_package_s_to_c.lisp, /home/me/progetto_labiagi/devel/share/common-lisp/ros/pick_delivery/msg/_package_s_to_c.lisp)
Linked: (/home/me/progetto_labiagi/devel/.private/pick_delivery/share/common-lisp/ros/pick_delivery/msg/pick_delivery-msg.asd, /home/me/progetto_labiagi/devel/share/common-lisp/ros/pick_delivery/msg/pick_delivery-msg.asd)
Linked: (/home/me/progetto_labiagi/devel/.private/pick_delivery/share/common-lisp/ros/pick_delivery/msg/s_to_c.lisp, /home/me/progetto_labiagi/devel/share/common-lisp/ros/pick_delivery/msg/s_to_c.lisp)
Linked: (/home/me/progetto_labiagi/devel/.private/pick_delivery/share/common-lisp/ros/pick_delivery/msg/_package_c_to_s.lisp, /home/me/progetto_labiagi/devel/share/common-lisp/ros/pick_delivery/msg/_package_c_to_s.lisp)
Linked: (/home/me/progetto_labiagi/devel/.private/pick_delivery/share/common-lisp/ros/pick_delivery/srv/_package.lisp, /home/me/progetto_labiagi/devel/share/common-lisp/ros/pick_delivery/srv/_package.lisp)
Linked: (/home/me/progetto_labiagi/devel/.private/pick_delivery/share/common-lisp/ros/pick_delivery/srv/_package_invio.lisp, /home/me/progetto_labiagi/devel/share/common-lisp/ros/pick_delivery/srv/_package_invio.lisp)
Linked: (/home/me/progetto_labiagi/devel/.private/pick_delivery/share/common-lisp/ros/pick_delivery/srv/login.lisp, /home/me/progetto_labiagi/devel/share/common-lisp/ros/pick_delivery/srv/login.lisp)
Linked: (/home/me/progetto_labiagi/devel/.private/pick_delivery/share/common-lisp/ros/pick_delivery/srv/invio.lisp, /home/me/progetto_labiagi/devel/share/common-lisp/ros/pick_delivery/srv/invio.lisp)
Linked: (/home/me/progetto_labiagi/devel/.private/pick_delivery/share/common-lisp/ros/pick_delivery/srv/pick_delivery-srv.asd, /home/me/progetto_labiagi/devel/share/common-lisp/ros/pick_delivery/srv/pick_delivery-srv.asd)
Linked: (/home/me/progetto_labiagi/devel/.private/pick_delivery/share/common-lisp/ros/pick_delivery/srv/_package_login.lisp, /home/me/progetto_labiagi/devel/share/common-lisp/ros/pick_delivery/srv/_package_login.lisp)
