[01m[K/home/me/progetto_labiagi/src/pick_delivery/src/server.cpp:11:6:[m[K [01;31m[Kerror: [m[K‘[01m[Kaule[m[K’ was not declared in this scope
 list<[01;31m[Kaule[m[K> aulelist;
      [01;31m[K^~~~[m[K
[01m[K/home/me/progetto_labiagi/src/pick_delivery/src/server.cpp:11:6:[m[K [01;36m[Knote: [m[Ksuggested alternative: ‘[01m[Kaula[m[K’
 list<[01;36m[Kaule[m[K> aulelist;
      [01;36m[K^~~~[m[K
      [32m[Kaula[m[K
[01m[K/home/me/progetto_labiagi/src/pick_delivery/src/server.cpp:11:10:[m[K [01;31m[Kerror: [m[Ktemplate argument 1 is invalid
 list<aule[01;31m[K>[m[K aulelist;
          [01;31m[K^[m[K
[01m[K/home/me/progetto_labiagi/src/pick_delivery/src/server.cpp:11:10:[m[K [01;31m[Kerror: [m[Ktemplate argument 2 is invalid
[01m[K/home/me/progetto_labiagi/src/pick_delivery/src/server.cpp:84:34:[m[K [01;31m[Kerror: [m[K‘[01m[Kpick_delivery::invio[m[K’ has not been declared
 bool handle_invio(pick_delivery::[01;31m[Kinvio[m[K::Request &req, pick_delivery::invio::Response &res)
                                  [01;31m[K^~~~~[m[K
[01m[K/home/me/progetto_labiagi/src/pick_delivery/src/server.cpp:84:50:[m[K [01;31m[Kerror: [m[K‘[01m[Kreq[m[K’ was not declared in this scope
 bool handle_invio(pick_delivery::invio::Request &[01;31m[Kreq[m[K, pick_delivery::invio::Response &res)
                                                  [01;31m[K^~~[m[K
[01m[K/home/me/progetto_labiagi/src/pick_delivery/src/server.cpp:84:70:[m[K [01;31m[Kerror: [m[K‘[01m[Kpick_delivery::invio[m[K’ has not been declared
 bool handle_invio(pick_delivery::invio::Request &req, pick_delivery::[01;31m[Kinvio[m[K::Response &res)
                                                                      [01;31m[K^~~~~[m[K
[01m[K/home/me/progetto_labiagi/src/pick_delivery/src/server.cpp:84:87:[m[K [01;31m[Kerror: [m[K‘[01m[Kres[m[K’ was not declared in this scope
 bool handle_invio(pick_delivery::invio::Request &req, pick_delivery::invio::Response &[01;31m[Kres[m[K)
                                                                                       [01;31m[K^~~[m[K
[01m[K/home/me/progetto_labiagi/src/pick_delivery/src/server.cpp:84:90:[m[K [01;31m[Kerror: [m[Kexpression list treated as compound expression in initializer [[01;31m[K-fpermissive[m[K]
 bool handle_invio(pick_delivery::invio::Request &req, pick_delivery::invio::Response &res[01;31m[K)[m[K
                                                                                          [01;31m[K^[m[K
[01m[K/home/me/progetto_labiagi/src/pick_delivery/src/server.cpp:[m[K In function ‘[01m[Kint main(int, char**)[m[K’:
[01m[K/home/me/progetto_labiagi/src/pick_delivery/src/server.cpp:108:57:[m[K [01;31m[Kerror: [m[Kno matching function for call to ‘[01m[Kros::NodeHandle::advertiseService(const char [7], bool&)[m[K’
  servSend = node.advertiseService("/invio", handle_invio[01;31m[K)[m[K;
                                                         [01;31m[K^[m[K
In file included from [01m[K/opt/ros/melodic/include/ros/ros.h:45:0[m[K,
                 from [01m[K/home/me/progetto_labiagi/src/pick_delivery/src/server.cpp:1[m[K:
[01m[K/opt/ros/melodic/include/ros/node_handle.h:879:17:[m[K [01;36m[Knote: [m[Kcandidate: template<class T, class MReq, class MRes> ros::ServiceServer ros::NodeHandle::advertiseService(const string&, bool (T::*)(MReq&, MRes&), T*)
   ServiceServer [01;36m[KadvertiseService[m[K(const std::string& service, bool(T::*srv_func)(MReq &, MRes &), T *obj)
                 [01;36m[K^~~~~~~~~~~~~~~~[m[K
[01m[K/opt/ros/melodic/include/ros/node_handle.h:879:17:[m[K [01;36m[Knote: [m[K  template argument deduction/substitution failed:
[01m[K/home/me/progetto_labiagi/src/pick_delivery/src/server.cpp:108:57:[m[K [01;36m[Knote: [m[K  mismatched types ‘[01m[Kbool (T::*)(MReq&, MRes&)[m[K’ and ‘[01m[Kbool[m[K’
  servSend = node.advertiseService("/invio", handle_invio[01;36m[K)[m[K;
                                                         [01;36m[K^[m[K
In file included from [01m[K/opt/ros/melodic/include/ros/ros.h:45:0[m[K,
                 from [01m[K/home/me/progetto_labiagi/src/pick_delivery/src/server.cpp:1[m[K:
[01m[K/opt/ros/melodic/include/ros/node_handle.h:924:17:[m[K [01;36m[Knote: [m[Kcandidate: template<class T, class MReq, class MRes> ros::ServiceServer ros::NodeHandle::advertiseService(const string&, bool (T::*)(ros::ServiceEvent<MReq, MRes>&), T*)
   ServiceServer [01;36m[KadvertiseService[m[K(const std::string& service, bool(T::*srv_func)(ServiceEvent<MReq, MRes>&), T *obj)
                 [01;36m[K^~~~~~~~~~~~~~~~[m[K
[01m[K/opt/ros/melodic/include/ros/node_handle.h:924:17:[m[K [01;36m[Knote: [m[K  template argument deduction/substitution failed:
[01m[K/home/me/progetto_labiagi/src/pick_delivery/src/server.cpp:108:57:[m[K [01;36m[Knote: [m[K  mismatched types ‘[01m[Kbool (T::*)(ros::ServiceEvent<MReq, MRes>&)[m[K’ and ‘[01m[Kbool[m[K’
  servSend = node.advertiseService("/invio", handle_invio[01;36m[K)[m[K;
                                                         [01;36m[K^[m[K
In file included from [01m[K/opt/ros/melodic/include/ros/ros.h:45:0[m[K,
                 from [01m[K/home/me/progetto_labiagi/src/pick_delivery/src/server.cpp:1[m[K:
[01m[K/opt/ros/melodic/include/ros/node_handle.h:970:17:[m[K [01;36m[Knote: [m[Kcandidate: template<class T, class MReq, class MRes> ros::ServiceServer ros::NodeHandle::advertiseService(const string&, bool (T::*)(MReq&, MRes&), const boost::shared_ptr<X>&)
   ServiceServer [01;36m[KadvertiseService[m[K(const std::string& service, bool(T::*srv_func)(MReq &, MRes &), const boost::shared_ptr<T>& obj)
                 [01;36m[K^~~~~~~~~~~~~~~~[m[K
[01m[K/opt/ros/melodic/include/ros/node_handle.h:970:17:[m[K [01;36m[Knote: [m[K  template argument deduction/substitution failed:
[01m[K/home/me/progetto_labiagi/src/pick_delivery/src/server.cpp:108:57:[m[K [01;36m[Knote: [m[K  mismatched types ‘[01m[Kbool (T::*)(MReq&, MRes&)[m[K’ and ‘[01m[Kbool[m[K’
  servSend = node.advertiseService("/invio", handle_invio[01;36m[K)[m[K;
                                                         [01;36m[K^[m[K
In file included from [01m[K/opt/ros/melodic/include/ros/ros.h:45:0[m[K,
                 from [01m[K/home/me/progetto_labiagi/src/pick_delivery/src/server.cpp:1[m[K:
[01m[K/opt/ros/melodic/include/ros/node_handle.h:1017:17:[m[K [01;36m[Knote: [m[Kcandidate: template<class T, class MReq, class MRes> ros::ServiceServer ros::NodeHandle::advertiseService(const string&, bool (T::*)(ros::ServiceEvent<MReq, MRes>&), const boost::shared_ptr<X>&)
   ServiceServer [01;36m[KadvertiseService[m[K(const std::string& service, bool(T::*srv_func)(ServiceEvent<MReq, MRes>&), const boost::shared_ptr<T>& obj)
                 [01;36m[K^~~~~~~~~~~~~~~~[m[K
[01m[K/opt/ros/melodic/include/ros/node_handle.h:1017:17:[m[K [01;36m[Knote: [m[K  template argument deduction/substitution failed:
[01m[K/home/me/progetto_labiagi/src/pick_delivery/src/server.cpp:108:57:[m[K [01;36m[Knote: [m[K  mismatched types ‘[01m[Kbool (T::*)(ros::ServiceEvent<MReq, MRes>&)[m[K’ and ‘[01m[Kbool[m[K’
  servSend = node.advertiseService("/invio", handle_invio[01;36m[K)[m[K;
                                                         [01;36m[K^[m[K
In file included from [01m[K/opt/ros/melodic/include/ros/ros.h:45:0[m[K,
                 from [01m[K/home/me/progetto_labiagi/src/pick_delivery/src/server.cpp:1[m[K:
[01m[K/opt/ros/melodic/include/ros/node_handle.h:1061:17:[m[K [01;36m[Knote: [m[Kcandidate: template<class MReq, class MRes> ros::ServiceServer ros::NodeHandle::advertiseService(const string&, bool (*)(MReq&, MRes&))
   ServiceServer [01;36m[KadvertiseService[m[K(const std::string& service, bool(*srv_func)(MReq&, MRes&))
                 [01;36m[K^~~~~~~~~~~~~~~~[m[K
[01m[K/opt/ros/melodic/include/ros/node_handle.h:1061:17:[m[K [01;36m[Knote: [m[K  template argument deduction/substitution failed:
[01m[K/home/me/progetto_labiagi/src/pick_delivery/src/server.cpp:108:57:[m[K [01;36m[Knote: [m[K  mismatched types ‘[01m[Kbool (*)(MReq&, MRes&)[m[K’ and ‘[01m[Kbool[m[K’
  servSend = node.advertiseService("/invio", handle_invio[01;36m[K)[m[K;
                                                         [01;36m[K^[m[K
In file included from [01m[K/opt/ros/melodic/include/ros/ros.h:45:0[m[K,
                 from [01m[K/home/me/progetto_labiagi/src/pick_delivery/src/server.cpp:1[m[K:
[01m[K/opt/ros/melodic/include/ros/node_handle.h:1104:17:[m[K [01;36m[Knote: [m[Kcandidate: template<class MReq, class MRes> ros::ServiceServer ros::NodeHandle::advertiseService(const string&, bool (*)(ros::ServiceEvent<MReq, MRes>&))
   ServiceServer [01;36m[KadvertiseService[m[K(const std::string& service, bool(*srv_func)(ServiceEvent<MReq, MRes>&))
                 [01;36m[K^~~~~~~~~~~~~~~~[m[K
[01m[K/opt/ros/melodic/include/ros/node_handle.h:1104:17:[m[K [01;36m[Knote: [m[K  template argument deduction/substitution failed:
[01m[K/home/me/progetto_labiagi/src/pick_delivery/src/server.cpp:108:57:[m[K [01;36m[Knote: [m[K  mismatched types ‘[01m[Kbool (*)(ros::ServiceEvent<MReq, MRes>&)[m[K’ and ‘[01m[Kbool[m[K’
  servSend = node.advertiseService("/invio", handle_invio[01;36m[K)[m[K;
                                                         [01;36m[K^[m[K
In file included from [01m[K/opt/ros/melodic/include/ros/ros.h:45:0[m[K,
                 from [01m[K/home/me/progetto_labiagi/src/pick_delivery/src/server.cpp:1[m[K:
[01m[K/opt/ros/melodic/include/ros/node_handle.h:1145:17:[m[K [01;36m[Knote: [m[Kcandidate: template<class MReq, class MRes> ros::ServiceServer ros::NodeHandle::advertiseService(const string&, const boost::function<bool(MReq&, MRes&)>&, const VoidConstPtr&)
   ServiceServer [01;36m[KadvertiseService[m[K(const std::string& service, const boost::function<bool(MReq&, MRes&)>& callback,
                 [01;36m[K^~~~~~~~~~~~~~~~[m[K
[01m[K/opt/ros/melodic/include/ros/node_handle.h:1145:17:[m[K [01;36m[Knote: [m[K  template argument deduction/substitution failed:
[01m[K/home/me/progetto_labiagi/src/pick_delivery/src/server.cpp:108:57:[m[K [01;36m[Knote: [m[K  mismatched types ‘[01m[Kconst boost::function<bool(MReq&, MRes&)>[m[K’ and ‘[01m[Kbool[m[K’
  servSend = node.advertiseService("/invio", handle_invio[01;36m[K)[m[K;
                                                         [01;36m[K^[m[K
In file included from [01m[K/opt/ros/melodic/include/ros/ros.h:45:0[m[K,
                 from [01m[K/home/me/progetto_labiagi/src/pick_delivery/src/server.cpp:1[m[K:
[01m[K/opt/ros/melodic/include/ros/node_handle.h:1190:17:[m[K [01;36m[Knote: [m[Kcandidate: template<class S> ros::ServiceServer ros::NodeHandle::advertiseService(const string&, const boost::function<bool(S&)>&, const VoidConstPtr&)
   ServiceServer [01;36m[KadvertiseService[m[K(const std::string& service, const boost::function<bool(S&)>& callback,
                 [01;36m[K^~~~~~~~~~~~~~~~[m[K
[01m[K/opt/ros/melodic/include/ros/node_handle.h:1190:17:[m[K [01;36m[Knote: [m[K  template argument deduction/substitution failed:
[01m[K/home/me/progetto_labiagi/src/pick_delivery/src/server.cpp:108:57:[m[K [01;36m[Knote: [m[K  mismatched types ‘[01m[Kconst boost::function<bool(S&)>[m[K’ and ‘[01m[Kbool[m[K’
  servSend = node.advertiseService("/invio", handle_invio[01;36m[K)[m[K;
                                                         [01;36m[K^[m[K
In file included from [01m[K/opt/ros/melodic/include/ros/ros.h:45:0[m[K,
                 from [01m[K/home/me/progetto_labiagi/src/pick_delivery/src/server.cpp:1[m[K:
[01m[K/opt/ros/melodic/include/ros/node_handle.h:1222:17:[m[K [01;36m[Knote: [m[Kcandidate: ros::ServiceServer ros::NodeHandle::advertiseService(ros::AdvertiseServiceOptions&)
   ServiceServer [01;36m[KadvertiseService[m[K(AdvertiseServiceOptions& ops);
                 [01;36m[K^~~~~~~~~~~~~~~~[m[K
[01m[K/opt/ros/melodic/include/ros/node_handle.h:1222:17:[m[K [01;36m[Knote: [m[K  candidate expects 1 argument, 2 provided
[01m[K/home/me/progetto_labiagi/src/pick_delivery/src/client.cpp:19:16:[m[K [01;31m[Kerror: [m[K‘[01m[Kinvio[m[K’ in namespace ‘[01m[Kpick_delivery[m[K’ does not name a type
 pick_delivery::[01;31m[Kinvio[m[K msg2send;
                [01;31m[K^~~~~[m[K
[01m[K/home/me/progetto_labiagi/src/pick_delivery/src/client.cpp:22:23:[m[K [01;31m[Kerror: [m[K‘[01m[Kaule[m[K’ was not declared in this scope
 void mostra_aule(list<[01;31m[Kaule[m[K> aulelist)
                       [01;31m[K^~~~[m[K
[01m[K/home/me/progetto_labiagi/src/pick_delivery/src/client.cpp:22:23:[m[K [01;36m[Knote: [m[Ksuggested alternative: ‘[01m[Kaula[m[K’
 void mostra_aule(list<[01;36m[Kaule[m[K> aulelist)
                       [01;36m[K^~~~[m[K
                       [32m[Kaula[m[K
[01m[K/home/me/progetto_labiagi/src/pick_delivery/src/client.cpp:22:27:[m[K [01;31m[Kerror: [m[Ktemplate argument 1 is invalid
 void mostra_aule(list<aule[01;31m[K>[m[K aulelist)
                           [01;31m[K^[m[K
[01m[K/home/me/progetto_labiagi/src/pick_delivery/src/client.cpp:22:27:[m[K [01;31m[Kerror: [m[Ktemplate argument 2 is invalid
[01m[K/home/me/progetto_labiagi/src/pick_delivery/src/client.cpp:[m[K In function ‘[01m[Kvoid mostra_aule(int)[m[K’:
[01m[K/home/me/progetto_labiagi/src/pick_delivery/src/client.cpp:24:17:[m[K [01;31m[Kerror: [m[K‘[01m[Kbegin[m[K’ was not declared in this scope
  for (auto& a : [01;31m[Kaulelist[m[K)
                 [01;31m[K^~~~~~~~[m[K
[01m[K/home/me/progetto_labiagi/src/pick_delivery/src/client.cpp:24:17:[m[K [01;36m[Knote: [m[Ksuggested alternatives:
In file included from [01m[K/usr/include/c++/7/string:51:0[m[K,
                 from [01m[K/opt/ros/melodic/include/ros/platform.h:38[m[K,
                 from [01m[K/opt/ros/melodic/include/ros/time.h:53[m[K,
                 from [01m[K/opt/ros/melodic/include/ros/ros.h:38[m[K,
                 from [01m[K/home/me/progetto_labiagi/src/pick_delivery/src/client.cpp:1[m[K:
[01m[K/usr/include/c++/7/bits/range_access.h:105:37:[m[K [01;36m[Knote: [m[K  ‘[01m[Kstd::begin[m[K’
   template<typename _Tp> const _Tp* [01;36m[Kbegin[m[K(const valarray<_Tp>&);
                                     [01;36m[K^~~~~[m[K
[01m[K/usr/include/c++/7/bits/range_access.h:105:37:[m[K [01;36m[Knote: [m[K  ‘[01m[Kstd::begin[m[K’
In file included from [01m[K/usr/include/boost/range/functions.hpp:18:0[m[K,
                 from [01m[K/usr/include/boost/range/iterator_range_core.hpp:38[m[K,
                 from [01m[K/usr/include/boost/lexical_cast.hpp:30[m[K,
                 from [01m[K/opt/ros/melodic/include/ros/transport_hints.h:34[m[K,
                 from [01m[K/opt/ros/melodic/include/ros/subscribe_options.h:33[m[K,
                 from [01m[K/opt/ros/melodic/include/ros/node_handle.h:42[m[K,
                 from [01m[K/opt/ros/melodic/include/ros/ros.h:45[m[K,
                 from [01m[K/home/me/progetto_labiagi/src/pick_delivery/src/client.cpp:1[m[K:
[01m[K/usr/include/boost/range/begin.hpp:106:61:[m[K [01;36m[Knote: [m[K  ‘[01m[Kboost::range_adl_barrier::begin[m[K’
 inline BOOST_DEDUCED_TYPENAME range_iterator<const T>::type [01;36m[Kbegin[m[K( const T& r )
                                                             [01;36m[K^~~~~[m[K
In file included from [01m[K/usr/include/boost/mpl/list/aux_/begin_end.hpp:17:0[m[K,
                 from [01m[K/usr/include/boost/mpl/list/list0.hpp:27[m[K,
                 from [01m[K/usr/include/boost/mpl/list/list10.hpp:18[m[K,
                 from [01m[K/usr/include/boost/mpl/list/list20.hpp:18[m[K,
                 from [01m[K/usr/include/boost/mpl/list.hpp:36[m[K,
                 from [01m[K/usr/include/boost/math/policies/policy.hpp:9[m[K,
                 from [01m[K/usr/include/boost/math/policies/error_handling.hpp:21[m[K,
                 from [01m[K/usr/include/boost/math/special_functions/round.hpp:14[m[K,
                 from [01m[K/opt/ros/melodic/include/ros/time.h:58[m[K,
                 from [01m[K/opt/ros/melodic/include/ros/ros.h:38[m[K,
                 from [01m[K/home/me/progetto_labiagi/src/pick_delivery/src/client.cpp:1[m[K:
[01m[K/usr/include/boost/mpl/begin_end_fwd.hpp:22:38:[m[K [01;36m[Knote: [m[K  ‘[01m[Kboost::mpl::begin[m[K’
 template< typename Sequence > struct [01;36m[Kbegin[m[K;
                                      [01;36m[K^~~~~[m[K
In file included from [01m[K/usr/include/boost/range/functions.hpp:18:0[m[K,
                 from [01m[K/usr/include/boost/range/iterator_range_core.hpp:38[m[K,
                 from [01m[K/usr/include/boost/lexical_cast.hpp:30[m[K,
                 from [01m[K/opt/ros/melodic/include/ros/transport_hints.h:34[m[K,
                 from [01m[K/opt/ros/melodic/include/ros/subscribe_options.h:33[m[K,
                 from [01m[K/opt/ros/melodic/include/ros/node_handle.h:42[m[K,
                 from [01m[K/opt/ros/melodic/include/ros/ros.h:45[m[K,
                 from [01m[K/home/me/progetto_labiagi/src/pick_delivery/src/client.cpp:1[m[K:
[01m[K/usr/include/boost/range/begin.hpp:106:61:[m[K [01;36m[Knote: [m[K  ‘[01m[Kboost::range_adl_barrier::begin[m[K’
 inline BOOST_DEDUCED_TYPENAME range_iterator<const T>::type [01;36m[Kbegin[m[K( const T& r )
                                                             [01;36m[K^~~~~[m[K
[01m[K/home/me/progetto_labiagi/src/pick_delivery/src/client.cpp:24:17:[m[K [01;31m[Kerror: [m[K‘[01m[Kend[m[K’ was not declared in this scope
  for (auto& a : [01;31m[Kaulelist[m[K)
                 [01;31m[K^~~~~~~~[m[K
[01m[K/home/me/progetto_labiagi/src/pick_delivery/src/client.cpp:24:17:[m[K [01;36m[Knote: [m[Ksuggested alternatives:
In file included from [01m[K/usr/include/c++/7/string:51:0[m[K,
                 from [01m[K/opt/ros/melodic/include/ros/platform.h:38[m[K,
                 from [01m[K/opt/ros/melodic/include/ros/time.h:53[m[K,
                 from [01m[K/opt/ros/melodic/include/ros/ros.h:38[m[K,
                 from [01m[K/home/me/progetto_labiagi/src/pick_delivery/src/client.cpp:1[m[K:
[01m[K/usr/include/c++/7/bits/range_access.h:107:37:[m[K [01;36m[Knote: [m[K  ‘[01m[Kstd::end[m[K’
   template<typename _Tp> const _Tp* [01;36m[Kend[m[K(const valarray<_Tp>&);
                                     [01;36m[K^~~[m[K
[01m[K/usr/include/c++/7/bits/range_access.h:107:37:[m[K [01;36m[Knote: [m[K  ‘[01m[Kstd::end[m[K’
In file included from [01m[K/usr/include/boost/range/functions.hpp:19:0[m[K,
                 from [01m[K/usr/include/boost/range/iterator_range_core.hpp:38[m[K,
                 from [01m[K/usr/include/boost/lexical_cast.hpp:30[m[K,
                 from [01m[K/opt/ros/melodic/include/ros/transport_hints.h:34[m[K,
                 from [01m[K/opt/ros/melodic/include/ros/subscribe_options.h:33[m[K,
                 from [01m[K/opt/ros/melodic/include/ros/node_handle.h:42[m[K,
                 from [01m[K/opt/ros/melodic/include/ros/ros.h:45[m[K,
                 from [01m[K/home/me/progetto_labiagi/src/pick_delivery/src/client.cpp:1[m[K:
[01m[K/usr/include/boost/range/end.hpp:100:61:[m[K [01;36m[Knote: [m[K  ‘[01m[Kboost::range_adl_barrier::end[m[K’
 inline BOOST_DEDUCED_TYPENAME range_iterator<const T>::type [01;36m[Kend[m[K( const T& r )
                                                             [01;36m[K^~~[m[K
In file included from [01m[K/usr/include/boost/mpl/list/aux_/begin_end.hpp:17:0[m[K,
                 from [01m[K/usr/include/boost/mpl/list/list0.hpp:27[m[K,
                 from [01m[K/usr/include/boost/mpl/list/list10.hpp:18[m[K,
                 from [01m[K/usr/include/boost/mpl/list/list20.hpp:18[m[K,
                 from [01m[K/usr/include/boost/mpl/list.hpp:36[m[K,
                 from [01m[K/usr/include/boost/math/policies/policy.hpp:9[m[K,
                 from [01m[K/usr/include/boost/math/policies/error_handling.hpp:21[m[K,
                 from [01m[K/usr/include/boost/math/special_functions/round.hpp:14[m[K,
                 from [01m[K/opt/ros/melodic/include/ros/time.h:58[m[K,
                 from [01m[K/opt/ros/melodic/include/ros/ros.h:38[m[K,
                 from [01m[K/home/me/progetto_labiagi/src/pick_delivery/src/client.cpp:1[m[K:
[01m[K/usr/include/boost/mpl/begin_end_fwd.hpp:23:38:[m[K [01;36m[Knote: [m[K  ‘[01m[Kboost::mpl::end[m[K’
 template< typename Sequence > struct [01;36m[Kend[m[K;
                                      [01;36m[K^~~[m[K
In file included from [01m[K/usr/include/boost/range/functions.hpp:19:0[m[K,
                 from [01m[K/usr/include/boost/range/iterator_range_core.hpp:38[m[K,
                 from [01m[K/usr/include/boost/lexical_cast.hpp:30[m[K,
                 from [01m[K/opt/ros/melodic/include/ros/transport_hints.h:34[m[K,
                 from [01m[K/opt/ros/melodic/include/ros/subscribe_options.h:33[m[K,
                 from [01m[K/opt/ros/melodic/include/ros/node_handle.h:42[m[K,
                 from [01m[K/opt/ros/melodic/include/ros/ros.h:45[m[K,
                 from [01m[K/home/me/progetto_labiagi/src/pick_delivery/src/client.cpp:1[m[K:
[01m[K/usr/include/boost/range/end.hpp:100:61:[m[K [01;36m[Knote: [m[K  ‘[01m[Kboost::range_adl_barrier::end[m[K’
 inline BOOST_DEDUCED_TYPENAME range_iterator<const T>::type [01;36m[Kend[m[K( const T& r )
                                                             [01;36m[K^~~[m[K
[01m[K/home/me/progetto_labiagi/src/pick_delivery/src/client.cpp:[m[K In function ‘[01m[Kint main(int, char**)[m[K’:
[01m[K/home/me/progetto_labiagi/src/pick_delivery/src/client.cpp:39:45:[m[K [01;31m[Kerror: [m[K‘[01m[Kinvio[m[K’ is not a member of ‘[01m[Kpick_delivery[m[K’
  SCsend = node.serviceClient<pick_delivery::[01;31m[Kinvio[m[K>("/invio");
                                             [01;31m[K^~~~~[m[K
[01m[K/home/me/progetto_labiagi/src/pick_delivery/src/client.cpp:39:45:[m[K [01;31m[Kerror: [m[K‘[01m[Kinvio[m[K’ is not a member of ‘[01m[Kpick_delivery[m[K’
[01m[K/home/me/progetto_labiagi/src/pick_delivery/src/client.cpp:39:60:[m[K [01;31m[Kerror: [m[Kno matching function for call to ‘[01m[Kros::NodeHandle::serviceClient<<expression error> >(const char [7])[m[K’
  SCsend = node.serviceClient<pick_delivery::invio>("/invio"[01;31m[K)[m[K;
                                                            [01;31m[K^[m[K
In file included from [01m[K/opt/ros/melodic/include/ros/ros.h:45:0[m[K,
                 from [01m[K/home/me/progetto_labiagi/src/pick_delivery/src/client.cpp:1[m[K:
[01m[K/opt/ros/melodic/include/ros/node_handle.h:1240:17:[m[K [01;36m[Knote: [m[Kcandidate: template<class MReq, class MRes> ros::ServiceClient ros::NodeHandle::serviceClient(const string&, bool, const M_string&)
   ServiceClient [01;36m[KserviceClient[m[K(const std::string& service_name, bool persistent = false,
                 [01;36m[K^~~~~~~~~~~~~[m[K
[01m[K/opt/ros/melodic/include/ros/node_handle.h:1240:17:[m[K [01;36m[Knote: [m[K  template argument deduction/substitution failed:
[01m[K/home/me/progetto_labiagi/src/pick_delivery/src/client.cpp:39:60:[m[K [01;31m[Kerror: [m[Ktemplate argument 1 is invalid
  SCsend = node.serviceClient<pick_delivery::invio>("/invio"[01;31m[K)[m[K;
                                                            [01;31m[K^[m[K
In file included from [01m[K/opt/ros/melodic/include/ros/ros.h:45:0[m[K,
                 from [01m[K/home/me/progetto_labiagi/src/pick_delivery/src/client.cpp:1[m[K:
[01m[K/opt/ros/melodic/include/ros/node_handle.h:1260:17:[m[K [01;36m[Knote: [m[Kcandidate: template<class Service> ros::ServiceClient ros::NodeHandle::serviceClient(const string&, bool, const M_string&)
   ServiceClient [01;36m[KserviceClient[m[K(const std::string& service_name, bool persistent = false,
                 [01;36m[K^~~~~~~~~~~~~[m[K
[01m[K/opt/ros/melodic/include/ros/node_handle.h:1260:17:[m[K [01;36m[Knote: [m[K  template argument deduction/substitution failed:
[01m[K/home/me/progetto_labiagi/src/pick_delivery/src/client.cpp:39:60:[m[K [01;31m[Kerror: [m[Ktemplate argument 1 is invalid
  SCsend = node.serviceClient<pick_delivery::invio>("/invio"[01;31m[K)[m[K;
                                                            [01;31m[K^[m[K
[01m[K/home/me/progetto_labiagi/src/pick_delivery/src/client.cpp:41:2:[m[K [01;31m[Kerror: [m[K‘[01m[Kaulelist[m[K’ was not declared in this scope
  [01;31m[Kaulelist[m[K = get_aule();
  [01;31m[K^~~~~~~~[m[K
[01m[K/home/me/progetto_labiagi/src/pick_delivery/src/client.cpp:41:2:[m[K [01;36m[Knote: [m[Ksuggested alternative: ‘[01m[Kva_list[m[K’
  [01;36m[Kaulelist[m[K = get_aule();
  [01;36m[K^~~~~~~~[m[K
  [32m[Kva_list[m[K
[01m[K/home/me/progetto_labiagi/src/pick_delivery/src/client.cpp:95:4:[m[K [01;31m[Kerror: [m[K‘[01m[Kmsg2send[m[K’ was not declared in this scope
    [01;31m[Kmsg2send[m[K.sender = name;
    [01;31m[K^~~~~~~~[m[K
[01m[K/home/me/progetto_labiagi/src/pick_delivery/src/client.cpp:95:4:[m[K [01;36m[Knote: [m[Ksuggested alternative: ‘[01m[KSCsend[m[K’
    [01;36m[Kmsg2send[m[K.sender = name;
    [01;36m[K^~~~~~~~[m[K
    [32m[KSCsend[m[K
make[2]: *** [CMakeFiles/client.dir/src/client.cpp.o] Error 1
make[1]: *** [CMakeFiles/client.dir/all] Error 2
make[1]: *** Waiting for unfinished jobs....
make[2]: *** [CMakeFiles/server.dir/src/server.cpp.o] Error 1
make[1]: *** [CMakeFiles/server.dir/all] Error 2
make: *** [all] Error 2
