[  0%] Built target _pick_delivery_generate_messages_check_deps_login
[  0%] Built target _pick_delivery_generate_messages_check_deps_invio
[  0%] Built target std_msgs_generate_messages_cpp
[  0%] Built target _pick_delivery_generate_messages_check_deps_c_to_s
[  0%] Built target std_msgs_generate_messages_py
[  0%] Built target _pick_delivery_generate_messages_check_deps_s_to_c
[  0%] Built target std_msgs_generate_messages_nodejs
[  0%] Built target std_msgs_generate_messages_lisp
[  0%] Built target std_msgs_generate_messages_eus
[ 14%] Built target pick_delivery_generate_messages_cpp
[ 51%] Built target pick_delivery_generate_messages_nodejs
[ 51%] Built target pick_delivery_generate_messages_py
[ 70%] Built target pick_delivery_generate_messages_eus
[ 85%] Built target pick_delivery_generate_messages_lisp
[ 85%] Built target pick_delivery_gencpp
[ 85%] Built target pick_delivery_generate_messages
[35m[1mScanning dependencies of target client[0m
[35m[1mScanning dependencies of target server[0m
[ 88%] [32mBuilding CXX object CMakeFiles/client.dir/src/client.cpp.o[0m
[ 92%] [32mBuilding CXX object CMakeFiles/server.dir/src/server.cpp.o[0m
[01m[K/home/me/lab/src/pick_delivery/src/server.cpp:[m[K In function ‘[01m[Kint main(int, char**)[m[K’:
[01m[K/home/me/lab/src/pick_delivery/src/server.cpp:250:18:[m[K [01;31m[Kerror: [m[Kcould not convert ‘[01m[K& sender[m[K’ from ‘[01m[Kuser**[m[K’ to ‘[01m[Kuser[m[K’
    set_goal_user([01;31m[K&sender[m[K);
                  [01;31m[K^~~~~~~[m[K
[01m[K/home/me/lab/src/pick_delivery/src/server.cpp:255:18:[m[K [01;31m[Kerror: [m[Kcould not convert ‘[01m[K& auladest[m[K’ from ‘[01m[Kaula**[m[K’ to ‘[01m[Kaula[m[K’
    set_goal_aula([01;31m[K&auladest[m[K);
                  [01;31m[K^~~~~~~~~[m[K
CMakeFiles/server.dir/build.make:62: recipe for target 'CMakeFiles/server.dir/src/server.cpp.o' failed
make[2]: *** [CMakeFiles/server.dir/src/server.cpp.o] Error 1
make[1]: *** [CMakeFiles/server.dir/all] Error 2
make[1]: *** Waiting for unfinished jobs....
CMakeFiles/Makefile2:1185: recipe for target 'CMakeFiles/server.dir/all' failed
[ 96%] [32m[1mLinking CXX executable /home/me/lab/devel/.private/pick_delivery/lib/pick_delivery/client[0m
[ 96%] Built target client
Makefile:140: recipe for target 'all' failed
make: *** [all] Error 2
